#
# A fatal error has been detected by the Java Runtime Environment:
#
#  EXCEPTION_ACCESS_VIOLATION (0xc0000005) at pc=0x000000006ee76520, pid=19244, tid=7868
#
# JRE version: Java(TM) SE Runtime Environment 18.9 (11.0.13+10) (build 11.0.13+10-LTS-370)
# Java VM: Java HotSpot(TM) 64-Bit Server VM 18.9 (11.0.13+10-LTS-370, mixed mode, tiered, compressed oops, g1 gc, windows-amd64)
# Problematic frame:
# C  [xuggle8191261213492669068.dll+0x736520]
#
# No core dump will be written. Minidumps are not enabled by default on client versions of Windows
#
# If you would like to submit a bug report, please visit:
#   https://bugreport.java.com/bugreport/crash.jsp
# The crash happened outside the Java Virtual Machine in native code.
# See problematic frame for where to report the bug.
#

---------------  S U M M A R Y ------------

Command Line: -Dfile.encoding=UTF-8 --module-path=C:\Users\murat\OneDrive\Documenti\GitHub\AbissiCurallo\AbissiCurallo\build\classes abissicurallo.FinestraIniziale

Host: Intel(R) Core(TM) i7-10750H CPU @ 2.60GHz, 12 cores, 15G,  Windows 10 , 64 bit Build 22000 (10.0.22000.708)
Time: Thu Jun 30 23:20:05 2022 ora legale Europa occidentale elapsed time: 0.581812 seconds (0d 0h 0m 0s)

---------------  T H R E A D  ---------------

Current thread (0x00000262dbfb9000):  JavaThread "main" [_thread_in_native, id=7868, stack(0x000000fb89a00000,0x000000fb89b00000)]

Stack: [0x000000fb89a00000,0x000000fb89b00000],  sp=0x000000fb89afe150,  free space=1016k
Native frames: (J=compiled Java code, j=interpreted, Vv=VM code, C=native code)
C  [xuggle8191261213492669068.dll+0x736520]

Java frames: (J=compiled Java code, j=interpreted, Vv=VM code)
j  com.xuggle.xuggler.XugglerJNI.IContainer_open__SWIG_0(JLcom/xuggle/xuggler/IContainer;Ljava/lang/String;IJLcom/xuggle/xuggler/IContainerFormat;)I+0
j  com.xuggle.xuggler.IContainer.open(Ljava/lang/String;Lcom/xuggle/xuggler/IContainer$Type;Lcom/xuggle/xuggler/IContainerFormat;)I+15
j  abissicurallo.FinestraIniziale.main([Ljava/lang/String;)V+11
v  ~StubRoutines::call_stub

siginfo: EXCEPTION_ACCESS_VIOLATION (0xc0000005), reading address 0xffffffffffffffff


Register to memory mapping:

RIP=0x000000006ee76520 xuggle8191261213492669068.dll
RAX=0x0000026280c36b50 points into unknown readable memory: 0x8000000000000000 | 00 00 00 00 00 00 00 80
RBX=0x0000026280c84170 points into unknown readable memory: 0x0000000000000000 | 00 00 00 00 00 00 00 00
RCX=0x0000026280c36b50 points into unknown readable memory: 0x8000000000000000 | 00 00 00 00 00 00 00 80
RDX=0x0000000000000009 is an unknown value
RSP=0x000000fb89afe150 is pointing into the stack for thread: 0x00000262dbfb9000
RBP=0x0000026280c36290 points into unknown readable memory: 0x0000026280b66eb0 | b0 6e b6 80 62 02 00 00
RSI=0x0000026280c37b50 points into unknown readable memory: 0x0000000100000009 | 09 00 00 00 01 00 00 00
RDI=0x0000000000000004 is an unknown value
R8 =0x000000006ee77580 xuggle8191261213492669068.dll
R9 =0x000000006ee76490 xuggle8191261213492669068.dll
R10=0x0000026280b4cb00 points into unknown readable memory: 0x016400c401840004 | 04 00 84 01 c4 00 64 01
R11=0x0000026280cf3a90 points into unknown readable memory: 0xbcb464bbbcb4f32d | 2d f3 b4 bc bb 64 b4 bc
R12=0x0000026280cf4290 points into unknown readable memory: 0xbcb5a49ebcb516b8 | b8 16 b5 bc 9e a4 b5 bc
R13=0x0000000000000004 is an unknown value
R14=0x0000000000000184 is an unknown value
R15=0x000000006fab8f20 xuggle8191261213492669068.dll


Registers:
RAX=0x0000026280c36b50, RBX=0x0000026280c84170, RCX=0x0000026280c36b50, RDX=0x0000000000000009
RSP=0x000000fb89afe150, RBP=0x0000026280c36290, RSI=0x0000026280c37b50, RDI=0x0000000000000004
R8 =0x000000006ee77580, R9 =0x000000006ee76490, R10=0x0000026280b4cb00, R11=0x0000026280cf3a90
R12=0x0000026280cf4290, R13=0x0000000000000004, R14=0x0000000000000184, R15=0x000000006fab8f20
RIP=0x000000006ee76520, EFLAGS=0x0000000000010202

Top of Stack: (sp=0x000000fb89afe150)
0x000000fb89afe150:   000000006ee76665 000000006ee774c5
0x000000fb89afe160:   000000006ee77505 000000006ee77545
0x000000fb89afe170:   000000006ee77585 000000006ee79426
0x000000fb89afe180:   000000006fab8f20 0000026280c36b50
0x000000fb89afe190:   0000026280c86630 0000000000000000
0x000000fb89afe1a0:   3fe0000000000000 0000000000000000
0x000000fb89afe1b0:   40c7760000000000 0000000000000000
0x000000fb89afe1c0:   3fe0000000000000 0000000000000001
0x000000fb89afe1d0:   0000026280c87630 000000006ea45d24
0x000000fb89afe1e0:   3f40624dd2f1a9fc 0000000000000000
0x000000fb89afe1f0:   0000000000000000 0000000000000000
0x000000fb89afe200:   0000000000000000 0000000000000000
0x000000fb89afe210:   0000026280c90530 000000006fab7320
0x000000fb89afe220:   0000000000000000 0000026280c840d0
0x000000fb89afe230:   0000000000000001 0000026280c36290
0x000000fb89afe240:   0000026280c36310 0000000000000000 

Instructions: (pc=0x000000006ee76520)
0x000000006ee76500:   c4 e3 5d 0c c0 55 c5 e4 5c c8 c5 e4 58 c0 c5 fc
0x000000006ee76510:   29 01 c5 fc 29 49 20 c3 0f 1f 84 00 00 00 00 00
0x000000006ee76520:   c5 fc 28 51 40 c5 fc 28 59 60 c5 ec 5c fb c5 ec
0x000000006ee76530:   58 d3 c5 c4 57 3d 26 41 84 00 c5 ec c6 df be c5 


Stack slot to memory mapping:
stack at sp + 0 slots: 0x000000006ee76665 xuggle8191261213492669068.dll
stack at sp + 1 slots: 0x000000006ee774c5 xuggle8191261213492669068.dll
stack at sp + 2 slots: 0x000000006ee77505 xuggle8191261213492669068.dll
stack at sp + 3 slots: 0x000000006ee77545 xuggle8191261213492669068.dll
stack at sp + 4 slots: 0x000000006ee77585 xuggle8191261213492669068.dll
stack at sp + 5 slots: 0x000000006ee79426 xuggle8191261213492669068.dll
stack at sp + 6 slots: 0x000000006fab8f20 xuggle8191261213492669068.dll
stack at sp + 7 slots: 0x0000026280c36b50 points into unknown readable memory: 0x8000000000000000 | 00 00 00 00 00 00 00 80


---------------  P R O C E S S  ---------------

Threads class SMR info:
_java_thread_list=0x000002628026d4f0, length=10, elements={
0x00000262dbfb9000, 0x00000262feeef800, 0x00000262feef1000, 0x00000262ff7fe800,
0x00000262ff7ff800, 0x00000262ff802800, 0x00000262ff808800, 0x00000262ff80d000,
0x00000262ff80f800, 0x00000262ff986000
}

Java Threads: ( => current thread )
=>0x00000262dbfb9000 JavaThread "main" [_thread_in_native, id=7868, stack(0x000000fb89a00000,0x000000fb89b00000)]
  0x00000262feeef800 JavaThread "Reference Handler" daemon [_thread_blocked, id=8836, stack(0x000000fb8a100000,0x000000fb8a200000)]
  0x00000262feef1000 JavaThread "Finalizer" daemon [_thread_blocked, id=20048, stack(0x000000fb8a200000,0x000000fb8a300000)]
  0x00000262ff7fe800 JavaThread "Signal Dispatcher" daemon [_thread_blocked, id=11540, stack(0x000000fb8a300000,0x000000fb8a400000)]
  0x00000262ff7ff800 JavaThread "Attach Listener" daemon [_thread_blocked, id=10876, stack(0x000000fb8a400000,0x000000fb8a500000)]
  0x00000262ff802800 JavaThread "Service Thread" daemon [_thread_blocked, id=16020, stack(0x000000fb8a500000,0x000000fb8a600000)]
  0x00000262ff808800 JavaThread "C2 CompilerThread0" daemon [_thread_blocked, id=744, stack(0x000000fb8a600000,0x000000fb8a700000)]
  0x00000262ff80d000 JavaThread "C1 CompilerThread0" daemon [_thread_blocked, id=16960, stack(0x000000fb8a700000,0x000000fb8a800000)]
  0x00000262ff80f800 JavaThread "Sweeper thread" daemon [_thread_blocked, id=17876, stack(0x000000fb8a800000,0x000000fb8a900000)]
  0x00000262ff986000 JavaThread "Common-Cleaner" daemon [_thread_blocked, id=14224, stack(0x000000fb8a900000,0x000000fb8aa00000)]

Other Threads:
  0x00000262fef19000 VMThread "VM Thread" [stack: 0x000000fb8a000000,0x000000fb8a100000] [id=792]
  0x0000026280008800 WatcherThread [stack: 0x000000fb8ab00000,0x000000fb8ac00000] [id=3380]
  0x00000262dbfce800 GCTaskThread "GC Thread#0" [stack: 0x000000fb89b00000,0x000000fb89c00000] [id=18300]
  0x00000262dc029000 ConcurrentGCThread "G1 Main Marker" [stack: 0x000000fb89c00000,0x000000fb89d00000] [id=4480]
  0x00000262dc02c800 ConcurrentGCThread "G1 Conc#0" [stack: 0x000000fb89d00000,0x000000fb89e00000] [id=1592]
  0x00000262fedda800 ConcurrentGCThread "G1 Refine#0" [stack: 0x000000fb89e00000,0x000000fb89f00000] [id=7780]
  0x00000262feddb800 ConcurrentGCThread "G1 Young RemSet Sampling" [stack: 0x000000fb89f00000,0x000000fb8a000000] [id=636]

Threads with active compile tasks:

VM state:not at safepoint (normal execution)

VM Mutex/Monitor currently owned by a thread: None

Heap address: 0x0000000703800000, size: 4040 MB, Compressed Oops mode: Zero based, Oop shift amount: 3
Narrow klass base: 0x0000000800000000, Narrow klass shift: 0
Compressed class space size: 1073741824 Address: 0x0000000800000000

Heap:
 garbage-first heap   total 260096K, used 8192K [0x0000000703800000, 0x0000000800000000)
  region size 1024K, 9 young (9216K), 0 survivors (0K)
 Metaspace       used 11015K, capacity 11302K, committed 11392K, reserved 1058816K
  class space    used 1060K, capacity 1129K, committed 1152K, reserved 1048576K
Heap Regions: E=young(eden), S=young(survivor), O=old, HS=humongous(starts), HC=humongous(continues), CS=collection set, F=free, A=archive, TAMS=top-at-mark-start (previous, next)
|   0|0x0000000703800000, 0x0000000703800000, 0x0000000703900000|  0%| F|  |TAMS 0x0000000703800000, 0x0000000703800000| Untracked 
|   1|0x0000000703900000, 0x0000000703900000, 0x0000000703a00000|  0%| F|  |TAMS 0x0000000703900000, 0x0000000703900000| Untracked 
|   2|0x0000000703a00000, 0x0000000703a00000, 0x0000000703b00000|  0%| F|  |TAMS 0x0000000703a00000, 0x0000000703a00000| Untracked 
|   3|0x0000000703b00000, 0x0000000703b00000, 0x0000000703c00000|  0%| F|  |TAMS 0x0000000703b00000, 0x0000000703b00000| Untracked 
|   4|0x0000000703c00000, 0x0000000703c00000, 0x0000000703d00000|  0%| F|  |TAMS 0x0000000703c00000, 0x0000000703c00000| Untracked 
|   5|0x0000000703d00000, 0x0000000703d00000, 0x0000000703e00000|  0%| F|  |TAMS 0x0000000703d00000, 0x0000000703d00000| Untracked 
|   6|0x0000000703e00000, 0x0000000703e00000, 0x0000000703f00000|  0%| F|  |TAMS 0x0000000703e00000, 0x0000000703e00000| Untracked 
|   7|0x0000000703f00000, 0x0000000703f00000, 0x0000000704000000|  0%| F|  |TAMS 0x0000000703f00000, 0x0000000703f00000| Untracked 
|   8|0x0000000704000000, 0x0000000704000000, 0x0000000704100000|  0%| F|  |TAMS 0x0000000704000000, 0x0000000704000000| Untracked 
|   9|0x0000000704100000, 0x0000000704100000, 0x0000000704200000|  0%| F|  |TAMS 0x0000000704100000, 0x0000000704100000| Untracked 
|  10|0x0000000704200000, 0x0000000704200000, 0x0000000704300000|  0%| F|  |TAMS 0x0000000704200000, 0x0000000704200000| Untracked 
|  11|0x0000000704300000, 0x0000000704300000, 0x0000000704400000|  0%| F|  |TAMS 0x0000000704300000, 0x0000000704300000| Untracked 
|  12|0x0000000704400000, 0x0000000704400000, 0x0000000704500000|  0%| F|  |TAMS 0x0000000704400000, 0x0000000704400000| Untracked 
|  13|0x0000000704500000, 0x0000000704500000, 0x0000000704600000|  0%| F|  |TAMS 0x0000000704500000, 0x0000000704500000| Untracked 
|  14|0x0000000704600000, 0x0000000704600000, 0x0000000704700000|  0%| F|  |TAMS 0x0000000704600000, 0x0000000704600000| Untracked 
|  15|0x0000000704700000, 0x0000000704700000, 0x0000000704800000|  0%| F|  |TAMS 0x0000000704700000, 0x0000000704700000| Untracked 
|  16|0x0000000704800000, 0x0000000704800000, 0x0000000704900000|  0%| F|  |TAMS 0x0000000704800000, 0x0000000704800000| Untracked 
|  17|0x0000000704900000, 0x0000000704900000, 0x0000000704a00000|  0%| F|  |TAMS 0x0000000704900000, 0x0000000704900000| Untracked 
|  18|0x0000000704a00000, 0x0000000704a00000, 0x0000000704b00000|  0%| F|  |TAMS 0x0000000704a00000, 0x0000000704a00000| Untracked 
|  19|0x0000000704b00000, 0x0000000704b00000, 0x0000000704c00000|  0%| F|  |TAMS 0x0000000704b00000, 0x0000000704b00000| Untracked 
|  20|0x0000000704c00000, 0x0000000704c00000, 0x0000000704d00000|  0%| F|  |TAMS 0x0000000704c00000, 0x0000000704c00000| Untracked 
|  21|0x0000000704d00000, 0x0000000704d00000, 0x0000000704e00000|  0%| F|  |TAMS 0x0000000704d00000, 0x0000000704d00000| Untracked 
|  22|0x0000000704e00000, 0x0000000704e00000, 0x0000000704f00000|  0%| F|  |TAMS 0x0000000704e00000, 0x0000000704e00000| Untracked 
|  23|0x0000000704f00000, 0x0000000704f00000, 0x0000000705000000|  0%| F|  |TAMS 0x0000000704f00000, 0x0000000704f00000| Untracked 
|  24|0x0000000705000000, 0x0000000705000000, 0x0000000705100000|  0%| F|  |TAMS 0x0000000705000000, 0x0000000705000000| Untracked 
|  25|0x0000000705100000, 0x0000000705100000, 0x0000000705200000|  0%| F|  |TAMS 0x0000000705100000, 0x0000000705100000| Untracked 
|  26|0x0000000705200000, 0x0000000705200000, 0x0000000705300000|  0%| F|  |TAMS 0x0000000705200000, 0x0000000705200000| Untracked 
|  27|0x0000000705300000, 0x0000000705300000, 0x0000000705400000|  0%| F|  |TAMS 0x0000000705300000, 0x0000000705300000| Untracked 
|  28|0x0000000705400000, 0x0000000705400000, 0x0000000705500000|  0%| F|  |TAMS 0x0000000705400000, 0x0000000705400000| Untracked 
|  29|0x0000000705500000, 0x0000000705500000, 0x0000000705600000|  0%| F|  |TAMS 0x0000000705500000, 0x0000000705500000| Untracked 
|  30|0x0000000705600000, 0x0000000705600000, 0x0000000705700000|  0%| F|  |TAMS 0x0000000705600000, 0x0000000705600000| Untracked 
|  31|0x0000000705700000, 0x0000000705700000, 0x0000000705800000|  0%| F|  |TAMS 0x0000000705700000, 0x0000000705700000| Untracked 
|  32|0x0000000705800000, 0x0000000705800000, 0x0000000705900000|  0%| F|  |TAMS 0x0000000705800000, 0x0000000705800000| Untracked 
|  33|0x0000000705900000, 0x0000000705900000, 0x0000000705a00000|  0%| F|  |TAMS 0x0000000705900000, 0x0000000705900000| Untracked 
|  34|0x0000000705a00000, 0x0000000705a00000, 0x0000000705b00000|  0%| F|  |TAMS 0x0000000705a00000, 0x0000000705a00000| Untracked 
|  35|0x0000000705b00000, 0x0000000705b00000, 0x0000000705c00000|  0%| F|  |TAMS 0x0000000705b00000, 0x0000000705b00000| Untracked 
|  36|0x0000000705c00000, 0x0000000705c00000, 0x0000000705d00000|  0%| F|  |TAMS 0x0000000705c00000, 0x0000000705c00000| Untracked 
|  37|0x0000000705d00000, 0x0000000705d00000, 0x0000000705e00000|  0%| F|  |TAMS 0x0000000705d00000, 0x0000000705d00000| Untracked 
|  38|0x0000000705e00000, 0x0000000705e00000, 0x0000000705f00000|  0%| F|  |TAMS 0x0000000705e00000, 0x0000000705e00000| Untracked 
|  39|0x0000000705f00000, 0x0000000705f00000, 0x0000000706000000|  0%| F|  |TAMS 0x0000000705f00000, 0x0000000705f00000| Untracked 
|  40|0x0000000706000000, 0x0000000706000000, 0x0000000706100000|  0%| F|  |TAMS 0x0000000706000000, 0x0000000706000000| Untracked 
|  41|0x0000000706100000, 0x0000000706100000, 0x0000000706200000|  0%| F|  |TAMS 0x0000000706100000, 0x0000000706100000| Untracked 
|  42|0x0000000706200000, 0x0000000706200000, 0x0000000706300000|  0%| F|  |TAMS 0x0000000706200000, 0x0000000706200000| Untracked 
|  43|0x0000000706300000, 0x0000000706300000, 0x0000000706400000|  0%| F|  |TAMS 0x0000000706300000, 0x0000000706300000| Untracked 
|  44|0x0000000706400000, 0x0000000706400000, 0x0000000706500000|  0%| F|  |TAMS 0x0000000706400000, 0x0000000706400000| Untracked 
|  45|0x0000000706500000, 0x0000000706500000, 0x0000000706600000|  0%| F|  |TAMS 0x0000000706500000, 0x0000000706500000| Untracked 
|  46|0x0000000706600000, 0x0000000706600000, 0x0000000706700000|  0%| F|  |TAMS 0x0000000706600000, 0x0000000706600000| Untracked 
|  47|0x0000000706700000, 0x0000000706700000, 0x0000000706800000|  0%| F|  |TAMS 0x0000000706700000, 0x0000000706700000| Untracked 
|  48|0x0000000706800000, 0x0000000706800000, 0x0000000706900000|  0%| F|  |TAMS 0x0000000706800000, 0x0000000706800000| Untracked 
|  49|0x0000000706900000, 0x0000000706900000, 0x0000000706a00000|  0%| F|  |TAMS 0x0000000706900000, 0x0000000706900000| Untracked 
|  50|0x0000000706a00000, 0x0000000706a00000, 0x0000000706b00000|  0%| F|  |TAMS 0x0000000706a00000, 0x0000000706a00000| Untracked 
|  51|0x0000000706b00000, 0x0000000706b00000, 0x0000000706c00000|  0%| F|  |TAMS 0x0000000706b00000, 0x0000000706b00000| Untracked 
|  52|0x0000000706c00000, 0x0000000706c00000, 0x0000000706d00000|  0%| F|  |TAMS 0x0000000706c00000, 0x0000000706c00000| Untracked 
|  53|0x0000000706d00000, 0x0000000706d00000, 0x0000000706e00000|  0%| F|  |TAMS 0x0000000706d00000, 0x0000000706d00000| Untracked 
|  54|0x0000000706e00000, 0x0000000706e00000, 0x0000000706f00000|  0%| F|  |TAMS 0x0000000706e00000, 0x0000000706e00000| Untracked 
|  55|0x0000000706f00000, 0x0000000706f00000, 0x0000000707000000|  0%| F|  |TAMS 0x0000000706f00000, 0x0000000706f00000| Untracked 
|  56|0x0000000707000000, 0x0000000707000000, 0x0000000707100000|  0%| F|  |TAMS 0x0000000707000000, 0x0000000707000000| Untracked 
|  57|0x0000000707100000, 0x0000000707100000, 0x0000000707200000|  0%| F|  |TAMS 0x0000000707100000, 0x0000000707100000| Untracked 
|  58|0x0000000707200000, 0x0000000707200000, 0x0000000707300000|  0%| F|  |TAMS 0x0000000707200000, 0x0000000707200000| Untracked 
|  59|0x0000000707300000, 0x0000000707300000, 0x0000000707400000|  0%| F|  |TAMS 0x0000000707300000, 0x0000000707300000| Untracked 
|  60|0x0000000707400000, 0x0000000707400000, 0x0000000707500000|  0%| F|  |TAMS 0x0000000707400000, 0x0000000707400000| Untracked 
|  61|0x0000000707500000, 0x0000000707500000, 0x0000000707600000|  0%| F|  |TAMS 0x0000000707500000, 0x0000000707500000| Untracked 
|  62|0x0000000707600000, 0x0000000707600000, 0x0000000707700000|  0%| F|  |TAMS 0x0000000707600000, 0x0000000707600000| Untracked 
|  63|0x0000000707700000, 0x0000000707700000, 0x0000000707800000|  0%| F|  |TAMS 0x0000000707700000, 0x0000000707700000| Untracked 
|  64|0x0000000707800000, 0x0000000707800000, 0x0000000707900000|  0%| F|  |TAMS 0x0000000707800000, 0x0000000707800000| Untracked 
|  65|0x0000000707900000, 0x0000000707900000, 0x0000000707a00000|  0%| F|  |TAMS 0x0000000707900000, 0x0000000707900000| Untracked 
|  66|0x0000000707a00000, 0x0000000707a00000, 0x0000000707b00000|  0%| F|  |TAMS 0x0000000707a00000, 0x0000000707a00000| Untracked 
|  67|0x0000000707b00000, 0x0000000707b00000, 0x0000000707c00000|  0%| F|  |TAMS 0x0000000707b00000, 0x0000000707b00000| Untracked 
|  68|0x0000000707c00000, 0x0000000707c00000, 0x0000000707d00000|  0%| F|  |TAMS 0x0000000707c00000, 0x0000000707c00000| Untracked 
|  69|0x0000000707d00000, 0x0000000707d00000, 0x0000000707e00000|  0%| F|  |TAMS 0x0000000707d00000, 0x0000000707d00000| Untracked 
|  70|0x0000000707e00000, 0x0000000707e00000, 0x0000000707f00000|  0%| F|  |TAMS 0x0000000707e00000, 0x0000000707e00000| Untracked 
|  71|0x0000000707f00000, 0x0000000707f00000, 0x0000000708000000|  0%| F|  |TAMS 0x0000000707f00000, 0x0000000707f00000| Untracked 
|  72|0x0000000708000000, 0x0000000708000000, 0x0000000708100000|  0%| F|  |TAMS 0x0000000708000000, 0x0000000708000000| Untracked 
|  73|0x0000000708100000, 0x0000000708100000, 0x0000000708200000|  0%| F|  |TAMS 0x0000000708100000, 0x0000000708100000| Untracked 
|  74|0x0000000708200000, 0x0000000708200000, 0x0000000708300000|  0%| F|  |TAMS 0x0000000708200000, 0x0000000708200000| Untracked 
|  75|0x0000000708300000, 0x0000000708300000, 0x0000000708400000|  0%| F|  |TAMS 0x0000000708300000, 0x0000000708300000| Untracked 
|  76|0x0000000708400000, 0x0000000708400000, 0x0000000708500000|  0%| F|  |TAMS 0x0000000708400000, 0x0000000708400000| Untracked 
|  77|0x0000000708500000, 0x0000000708500000, 0x0000000708600000|  0%| F|  |TAMS 0x0000000708500000, 0x0000000708500000| Untracked 
|  78|0x0000000708600000, 0x0000000708600000, 0x0000000708700000|  0%| F|  |TAMS 0x0000000708600000, 0x0000000708600000| Untracked 
|  79|0x0000000708700000, 0x0000000708700000, 0x0000000708800000|  0%| F|  |TAMS 0x0000000708700000, 0x0000000708700000| Untracked 
|  80|0x0000000708800000, 0x0000000708800000, 0x0000000708900000|  0%| F|  |TAMS 0x0000000708800000, 0x0000000708800000| Untracked 
|  81|0x0000000708900000, 0x0000000708900000, 0x0000000708a00000|  0%| F|  |TAMS 0x0000000708900000, 0x0000000708900000| Untracked 
|  82|0x0000000708a00000, 0x0000000708a00000, 0x0000000708b00000|  0%| F|  |TAMS 0x0000000708a00000, 0x0000000708a00000| Untracked 
|  83|0x0000000708b00000, 0x0000000708b00000, 0x0000000708c00000|  0%| F|  |TAMS 0x0000000708b00000, 0x0000000708b00000| Untracked 
|  84|0x0000000708c00000, 0x0000000708c00000, 0x0000000708d00000|  0%| F|  |TAMS 0x0000000708c00000, 0x0000000708c00000| Untracked 
|  85|0x0000000708d00000, 0x0000000708d00000, 0x0000000708e00000|  0%| F|  |TAMS 0x0000000708d00000, 0x0000000708d00000| Untracked 
|  86|0x0000000708e00000, 0x0000000708e00000, 0x0000000708f00000|  0%| F|  |TAMS 0x0000000708e00000, 0x0000000708e00000| Untracked 
|  87|0x0000000708f00000, 0x0000000708f00000, 0x0000000709000000|  0%| F|  |TAMS 0x0000000708f00000, 0x0000000708f00000| Untracked 
|  88|0x0000000709000000, 0x0000000709000000, 0x0000000709100000|  0%| F|  |TAMS 0x0000000709000000, 0x0000000709000000| Untracked 
|  89|0x0000000709100000, 0x0000000709100000, 0x0000000709200000|  0%| F|  |TAMS 0x0000000709100000, 0x0000000709100000| Untracked 
|  90|0x0000000709200000, 0x0000000709200000, 0x0000000709300000|  0%| F|  |TAMS 0x0000000709200000, 0x0000000709200000| Untracked 
|  91|0x0000000709300000, 0x0000000709300000, 0x0000000709400000|  0%| F|  |TAMS 0x0000000709300000, 0x0000000709300000| Untracked 
|  92|0x0000000709400000, 0x0000000709400000, 0x0000000709500000|  0%| F|  |TAMS 0x0000000709400000, 0x0000000709400000| Untracked 
|  93|0x0000000709500000, 0x0000000709500000, 0x0000000709600000|  0%| F|  |TAMS 0x0000000709500000, 0x0000000709500000| Untracked 
|  94|0x0000000709600000, 0x0000000709600000, 0x0000000709700000|  0%| F|  |TAMS 0x0000000709600000, 0x0000000709600000| Untracked 
|  95|0x0000000709700000, 0x0000000709700000, 0x0000000709800000|  0%| F|  |TAMS 0x0000000709700000, 0x0000000709700000| Untracked 
|  96|0x0000000709800000, 0x0000000709800000, 0x0000000709900000|  0%| F|  |TAMS 0x0000000709800000, 0x0000000709800000| Untracked 
|  97|0x0000000709900000, 0x0000000709900000, 0x0000000709a00000|  0%| F|  |TAMS 0x0000000709900000, 0x0000000709900000| Untracked 
|  98|0x0000000709a00000, 0x0000000709a00000, 0x0000000709b00000|  0%| F|  |TAMS 0x0000000709a00000, 0x0000000709a00000| Untracked 
|  99|0x0000000709b00000, 0x0000000709b00000, 0x0000000709c00000|  0%| F|  |TAMS 0x0000000709b00000, 0x0000000709b00000| Untracked 
| 100|0x0000000709c00000, 0x0000000709c00000, 0x0000000709d00000|  0%| F|  |TAMS 0x0000000709c00000, 0x0000000709c00000| Untracked 
| 101|0x0000000709d00000, 0x0000000709d00000, 0x0000000709e00000|  0%| F|  |TAMS 0x0000000709d00000, 0x0000000709d00000| Untracked 
| 102|0x0000000709e00000, 0x0000000709e00000, 0x0000000709f00000|  0%| F|  |TAMS 0x0000000709e00000, 0x0000000709e00000| Untracked 
| 103|0x0000000709f00000, 0x0000000709f00000, 0x000000070a000000|  0%| F|  |TAMS 0x0000000709f00000, 0x0000000709f00000| Untracked 
| 104|0x000000070a000000, 0x000000070a000000, 0x000000070a100000|  0%| F|  |TAMS 0x000000070a000000, 0x000000070a000000| Untracked 
| 105|0x000000070a100000, 0x000000070a100000, 0x000000070a200000|  0%| F|  |TAMS 0x000000070a100000, 0x000000070a100000| Untracked 
| 106|0x000000070a200000, 0x000000070a200000, 0x000000070a300000|  0%| F|  |TAMS 0x000000070a200000, 0x000000070a200000| Untracked 
| 107|0x000000070a300000, 0x000000070a300000, 0x000000070a400000|  0%| F|  |TAMS 0x000000070a300000, 0x000000070a300000| Untracked 
| 108|0x000000070a400000, 0x000000070a400000, 0x000000070a500000|  0%| F|  |TAMS 0x000000070a400000, 0x000000070a400000| Untracked 
| 109|0x000000070a500000, 0x000000070a500000, 0x000000070a600000|  0%| F|  |TAMS 0x000000070a500000, 0x000000070a500000| Untracked 
| 110|0x000000070a600000, 0x000000070a600000, 0x000000070a700000|  0%| F|  |TAMS 0x000000070a600000, 0x000000070a600000| Untracked 
| 111|0x000000070a700000, 0x000000070a700000, 0x000000070a800000|  0%| F|  |TAMS 0x000000070a700000, 0x000000070a700000| Untracked 
| 112|0x000000070a800000, 0x000000070a800000, 0x000000070a900000|  0%| F|  |TAMS 0x000000070a800000, 0x000000070a800000| Untracked 
| 113|0x000000070a900000, 0x000000070a900000, 0x000000070aa00000|  0%| F|  |TAMS 0x000000070a900000, 0x000000070a900000| Untracked 
| 114|0x000000070aa00000, 0x000000070aa00000, 0x000000070ab00000|  0%| F|  |TAMS 0x000000070aa00000, 0x000000070aa00000| Untracked 
| 115|0x000000070ab00000, 0x000000070ab00000, 0x000000070ac00000|  0%| F|  |TAMS 0x000000070ab00000, 0x000000070ab00000| Untracked 
| 116|0x000000070ac00000, 0x000000070ac00000, 0x000000070ad00000|  0%| F|  |TAMS 0x000000070ac00000, 0x000000070ac00000| Untracked 
| 117|0x000000070ad00000, 0x000000070ad00000, 0x000000070ae00000|  0%| F|  |TAMS 0x000000070ad00000, 0x000000070ad00000| Untracked 
| 118|0x000000070ae00000, 0x000000070ae00000, 0x000000070af00000|  0%| F|  |TAMS 0x000000070ae00000, 0x000000070ae00000| Untracked 
| 119|0x000000070af00000, 0x000000070af00000, 0x000000070b000000|  0%| F|  |TAMS 0x000000070af00000, 0x000000070af00000| Untracked 
| 120|0x000000070b000000, 0x000000070b000000, 0x000000070b100000|  0%| F|  |TAMS 0x000000070b000000, 0x000000070b000000| Untracked 
| 121|0x000000070b100000, 0x000000070b100000, 0x000000070b200000|  0%| F|  |TAMS 0x000000070b100000, 0x000000070b100000| Untracked 
| 122|0x000000070b200000, 0x000000070b200000, 0x000000070b300000|  0%| F|  |TAMS 0x000000070b200000, 0x000000070b200000| Untracked 
| 123|0x000000070b300000, 0x000000070b300000, 0x000000070b400000|  0%| F|  |TAMS 0x000000070b300000, 0x000000070b300000| Untracked 
| 124|0x000000070b400000, 0x000000070b400000, 0x000000070b500000|  0%| F|  |TAMS 0x000000070b400000, 0x000000070b400000| Untracked 
| 125|0x000000070b500000, 0x000000070b500000, 0x000000070b600000|  0%| F|  |TAMS 0x000000070b500000, 0x000000070b500000| Untracked 
| 126|0x000000070b600000, 0x000000070b600000, 0x000000070b700000|  0%| F|  |TAMS 0x000000070b600000, 0x000000070b600000| Untracked 
| 127|0x000000070b700000, 0x000000070b700000, 0x000000070b800000|  0%| F|  |TAMS 0x000000070b700000, 0x000000070b700000| Untracked 
| 128|0x000000070b800000, 0x000000070b800000, 0x000000070b900000|  0%| F|  |TAMS 0x000000070b800000, 0x000000070b800000| Untracked 
| 129|0x000000070b900000, 0x000000070b900000, 0x000000070ba00000|  0%| F|  |TAMS 0x000000070b900000, 0x000000070b900000| Untracked 
| 130|0x000000070ba00000, 0x000000070ba00000, 0x000000070bb00000|  0%| F|  |TAMS 0x000000070ba00000, 0x000000070ba00000| Untracked 
| 131|0x000000070bb00000, 0x000000070bb00000, 0x000000070bc00000|  0%| F|  |TAMS 0x000000070bb00000, 0x000000070bb00000| Untracked 
| 132|0x000000070bc00000, 0x000000070bc00000, 0x000000070bd00000|  0%| F|  |TAMS 0x000000070bc00000, 0x000000070bc00000| Untracked 
| 133|0x000000070bd00000, 0x000000070bd00000, 0x000000070be00000|  0%| F|  |TAMS 0x000000070bd00000, 0x000000070bd00000| Untracked 
| 134|0x000000070be00000, 0x000000070be00000, 0x000000070bf00000|  0%| F|  |TAMS 0x000000070be00000, 0x000000070be00000| Untracked 
| 135|0x000000070bf00000, 0x000000070bf00000, 0x000000070c000000|  0%| F|  |TAMS 0x000000070bf00000, 0x000000070bf00000| Untracked 
| 136|0x000000070c000000, 0x000000070c000000, 0x000000070c100000|  0%| F|  |TAMS 0x000000070c000000, 0x000000070c000000| Untracked 
| 137|0x000000070c100000, 0x000000070c100000, 0x000000070c200000|  0%| F|  |TAMS 0x000000070c100000, 0x000000070c100000| Untracked 
| 138|0x000000070c200000, 0x000000070c200000, 0x000000070c300000|  0%| F|  |TAMS 0x000000070c200000, 0x000000070c200000| Untracked 
| 139|0x000000070c300000, 0x000000070c300000, 0x000000070c400000|  0%| F|  |TAMS 0x000000070c300000, 0x000000070c300000| Untracked 
| 140|0x000000070c400000, 0x000000070c400000, 0x000000070c500000|  0%| F|  |TAMS 0x000000070c400000, 0x000000070c400000| Untracked 
| 141|0x000000070c500000, 0x000000070c500000, 0x000000070c600000|  0%| F|  |TAMS 0x000000070c500000, 0x000000070c500000| Untracked 
| 142|0x000000070c600000, 0x000000070c600000, 0x000000070c700000|  0%| F|  |TAMS 0x000000070c600000, 0x000000070c600000| Untracked 
| 143|0x000000070c700000, 0x000000070c700000, 0x000000070c800000|  0%| F|  |TAMS 0x000000070c700000, 0x000000070c700000| Untracked 
| 144|0x000000070c800000, 0x000000070c800000, 0x000000070c900000|  0%| F|  |TAMS 0x000000070c800000, 0x000000070c800000| Untracked 
| 145|0x000000070c900000, 0x000000070c900000, 0x000000070ca00000|  0%| F|  |TAMS 0x000000070c900000, 0x000000070c900000| Untracked 
| 146|0x000000070ca00000, 0x000000070ca00000, 0x000000070cb00000|  0%| F|  |TAMS 0x000000070ca00000, 0x000000070ca00000| Untracked 
| 147|0x000000070cb00000, 0x000000070cb00000, 0x000000070cc00000|  0%| F|  |TAMS 0x000000070cb00000, 0x000000070cb00000| Untracked 
| 148|0x000000070cc00000, 0x000000070cc00000, 0x000000070cd00000|  0%| F|  |TAMS 0x000000070cc00000, 0x000000070cc00000| Untracked 
| 149|0x000000070cd00000, 0x000000070cd00000, 0x000000070ce00000|  0%| F|  |TAMS 0x000000070cd00000, 0x000000070cd00000| Untracked 
| 150|0x000000070ce00000, 0x000000070ce00000, 0x000000070cf00000|  0%| F|  |TAMS 0x000000070ce00000, 0x000000070ce00000| Untracked 
| 151|0x000000070cf00000, 0x000000070cf00000, 0x000000070d000000|  0%| F|  |TAMS 0x000000070cf00000, 0x000000070cf00000| Untracked 
| 152|0x000000070d000000, 0x000000070d000000, 0x000000070d100000|  0%| F|  |TAMS 0x000000070d000000, 0x000000070d000000| Untracked 
| 153|0x000000070d100000, 0x000000070d100000, 0x000000070d200000|  0%| F|  |TAMS 0x000000070d100000, 0x000000070d100000| Untracked 
| 154|0x000000070d200000, 0x000000070d200000, 0x000000070d300000|  0%| F|  |TAMS 0x000000070d200000, 0x000000070d200000| Untracked 
| 155|0x000000070d300000, 0x000000070d300000, 0x000000070d400000|  0%| F|  |TAMS 0x000000070d300000, 0x000000070d300000| Untracked 
| 156|0x000000070d400000, 0x000000070d400000, 0x000000070d500000|  0%| F|  |TAMS 0x000000070d400000, 0x000000070d400000| Untracked 
| 157|0x000000070d500000, 0x000000070d500000, 0x000000070d600000|  0%| F|  |TAMS 0x000000070d500000, 0x000000070d500000| Untracked 
| 158|0x000000070d600000, 0x000000070d600000, 0x000000070d700000|  0%| F|  |TAMS 0x000000070d600000, 0x000000070d600000| Untracked 
| 159|0x000000070d700000, 0x000000070d700000, 0x000000070d800000|  0%| F|  |TAMS 0x000000070d700000, 0x000000070d700000| Untracked 
| 160|0x000000070d800000, 0x000000070d800000, 0x000000070d900000|  0%| F|  |TAMS 0x000000070d800000, 0x000000070d800000| Untracked 
| 161|0x000000070d900000, 0x000000070d900000, 0x000000070da00000|  0%| F|  |TAMS 0x000000070d900000, 0x000000070d900000| Untracked 
| 162|0x000000070da00000, 0x000000070da00000, 0x000000070db00000|  0%| F|  |TAMS 0x000000070da00000, 0x000000070da00000| Untracked 
| 163|0x000000070db00000, 0x000000070db00000, 0x000000070dc00000|  0%| F|  |TAMS 0x000000070db00000, 0x000000070db00000| Untracked 
| 164|0x000000070dc00000, 0x000000070dc00000, 0x000000070dd00000|  0%| F|  |TAMS 0x000000070dc00000, 0x000000070dc00000| Untracked 
| 165|0x000000070dd00000, 0x000000070dd00000, 0x000000070de00000|  0%| F|  |TAMS 0x000000070dd00000, 0x000000070dd00000| Untracked 
| 166|0x000000070de00000, 0x000000070de00000, 0x000000070df00000|  0%| F|  |TAMS 0x000000070de00000, 0x000000070de00000| Untracked 
| 167|0x000000070df00000, 0x000000070df00000, 0x000000070e000000|  0%| F|  |TAMS 0x000000070df00000, 0x000000070df00000| Untracked 
| 168|0x000000070e000000, 0x000000070e000000, 0x000000070e100000|  0%| F|  |TAMS 0x000000070e000000, 0x000000070e000000| Untracked 
| 169|0x000000070e100000, 0x000000070e100000, 0x000000070e200000|  0%| F|  |TAMS 0x000000070e100000, 0x000000070e100000| Untracked 
| 170|0x000000070e200000, 0x000000070e200000, 0x000000070e300000|  0%| F|  |TAMS 0x000000070e200000, 0x000000070e200000| Untracked 
| 171|0x000000070e300000, 0x000000070e300000, 0x000000070e400000|  0%| F|  |TAMS 0x000000070e300000, 0x000000070e300000| Untracked 
| 172|0x000000070e400000, 0x000000070e400000, 0x000000070e500000|  0%| F|  |TAMS 0x000000070e400000, 0x000000070e400000| Untracked 
| 173|0x000000070e500000, 0x000000070e500000, 0x000000070e600000|  0%| F|  |TAMS 0x000000070e500000, 0x000000070e500000| Untracked 
| 174|0x000000070e600000, 0x000000070e600000, 0x000000070e700000|  0%| F|  |TAMS 0x000000070e600000, 0x000000070e600000| Untracked 
| 175|0x000000070e700000, 0x000000070e700000, 0x000000070e800000|  0%| F|  |TAMS 0x000000070e700000, 0x000000070e700000| Untracked 
| 176|0x000000070e800000, 0x000000070e800000, 0x000000070e900000|  0%| F|  |TAMS 0x000000070e800000, 0x000000070e800000| Untracked 
| 177|0x000000070e900000, 0x000000070e900000, 0x000000070ea00000|  0%| F|  |TAMS 0x000000070e900000, 0x000000070e900000| Untracked 
| 178|0x000000070ea00000, 0x000000070ea00000, 0x000000070eb00000|  0%| F|  |TAMS 0x000000070ea00000, 0x000000070ea00000| Untracked 
| 179|0x000000070eb00000, 0x000000070eb00000, 0x000000070ec00000|  0%| F|  |TAMS 0x000000070eb00000, 0x000000070eb00000| Untracked 
| 180|0x000000070ec00000, 0x000000070ec00000, 0x000000070ed00000|  0%| F|  |TAMS 0x000000070ec00000, 0x000000070ec00000| Untracked 
| 181|0x000000070ed00000, 0x000000070ed00000, 0x000000070ee00000|  0%| F|  |TAMS 0x000000070ed00000, 0x000000070ed00000| Untracked 
| 182|0x000000070ee00000, 0x000000070ee00000, 0x000000070ef00000|  0%| F|  |TAMS 0x000000070ee00000, 0x000000070ee00000| Untracked 
| 183|0x000000070ef00000, 0x000000070ef00000, 0x000000070f000000|  0%| F|  |TAMS 0x000000070ef00000, 0x000000070ef00000| Untracked 
| 184|0x000000070f000000, 0x000000070f000000, 0x000000070f100000|  0%| F|  |TAMS 0x000000070f000000, 0x000000070f000000| Untracked 
| 185|0x000000070f100000, 0x000000070f100000, 0x000000070f200000|  0%| F|  |TAMS 0x000000070f100000, 0x000000070f100000| Untracked 
| 186|0x000000070f200000, 0x000000070f200000, 0x000000070f300000|  0%| F|  |TAMS 0x000000070f200000, 0x000000070f200000| Untracked 
| 187|0x000000070f300000, 0x000000070f300000, 0x000000070f400000|  0%| F|  |TAMS 0x000000070f300000, 0x000000070f300000| Untracked 
| 188|0x000000070f400000, 0x000000070f400000, 0x000000070f500000|  0%| F|  |TAMS 0x000000070f400000, 0x000000070f400000| Untracked 
| 189|0x000000070f500000, 0x000000070f500000, 0x000000070f600000|  0%| F|  |TAMS 0x000000070f500000, 0x000000070f500000| Untracked 
| 190|0x000000070f600000, 0x000000070f600000, 0x000000070f700000|  0%| F|  |TAMS 0x000000070f600000, 0x000000070f600000| Untracked 
| 191|0x000000070f700000, 0x000000070f700000, 0x000000070f800000|  0%| F|  |TAMS 0x000000070f700000, 0x000000070f700000| Untracked 
| 192|0x000000070f800000, 0x000000070f800000, 0x000000070f900000|  0%| F|  |TAMS 0x000000070f800000, 0x000000070f800000| Untracked 
| 193|0x000000070f900000, 0x000000070f900000, 0x000000070fa00000|  0%| F|  |TAMS 0x000000070f900000, 0x000000070f900000| Untracked 
| 194|0x000000070fa00000, 0x000000070fa00000, 0x000000070fb00000|  0%| F|  |TAMS 0x000000070fa00000, 0x000000070fa00000| Untracked 
| 195|0x000000070fb00000, 0x000000070fb00000, 0x000000070fc00000|  0%| F|  |TAMS 0x000000070fb00000, 0x000000070fb00000| Untracked 
| 196|0x000000070fc00000, 0x000000070fc00000, 0x000000070fd00000|  0%| F|  |TAMS 0x000000070fc00000, 0x000000070fc00000| Untracked 
| 197|0x000000070fd00000, 0x000000070fd00000, 0x000000070fe00000|  0%| F|  |TAMS 0x000000070fd00000, 0x000000070fd00000| Untracked 
| 198|0x000000070fe00000, 0x000000070fe00000, 0x000000070ff00000|  0%| F|  |TAMS 0x000000070fe00000, 0x000000070fe00000| Untracked 
| 199|0x000000070ff00000, 0x000000070ff00000, 0x0000000710000000|  0%| F|  |TAMS 0x000000070ff00000, 0x000000070ff00000| Untracked 
| 200|0x0000000710000000, 0x0000000710000000, 0x0000000710100000|  0%| F|  |TAMS 0x0000000710000000, 0x0000000710000000| Untracked 
| 201|0x0000000710100000, 0x0000000710100000, 0x0000000710200000|  0%| F|  |TAMS 0x0000000710100000, 0x0000000710100000| Untracked 
| 202|0x0000000710200000, 0x0000000710200000, 0x0000000710300000|  0%| F|  |TAMS 0x0000000710200000, 0x0000000710200000| Untracked 
| 203|0x0000000710300000, 0x0000000710300000, 0x0000000710400000|  0%| F|  |TAMS 0x0000000710300000, 0x0000000710300000| Untracked 
| 204|0x0000000710400000, 0x0000000710400000, 0x0000000710500000|  0%| F|  |TAMS 0x0000000710400000, 0x0000000710400000| Untracked 
| 205|0x0000000710500000, 0x0000000710500000, 0x0000000710600000|  0%| F|  |TAMS 0x0000000710500000, 0x0000000710500000| Untracked 
| 206|0x0000000710600000, 0x0000000710600000, 0x0000000710700000|  0%| F|  |TAMS 0x0000000710600000, 0x0000000710600000| Untracked 
| 207|0x0000000710700000, 0x0000000710700000, 0x0000000710800000|  0%| F|  |TAMS 0x0000000710700000, 0x0000000710700000| Untracked 
| 208|0x0000000710800000, 0x0000000710800000, 0x0000000710900000|  0%| F|  |TAMS 0x0000000710800000, 0x0000000710800000| Untracked 
| 209|0x0000000710900000, 0x0000000710900000, 0x0000000710a00000|  0%| F|  |TAMS 0x0000000710900000, 0x0000000710900000| Untracked 
| 210|0x0000000710a00000, 0x0000000710a00000, 0x0000000710b00000|  0%| F|  |TAMS 0x0000000710a00000, 0x0000000710a00000| Untracked 
| 211|0x0000000710b00000, 0x0000000710b00000, 0x0000000710c00000|  0%| F|  |TAMS 0x0000000710b00000, 0x0000000710b00000| Untracked 
| 212|0x0000000710c00000, 0x0000000710c00000, 0x0000000710d00000|  0%| F|  |TAMS 0x0000000710c00000, 0x0000000710c00000| Untracked 
| 213|0x0000000710d00000, 0x0000000710d00000, 0x0000000710e00000|  0%| F|  |TAMS 0x0000000710d00000, 0x0000000710d00000| Untracked 
| 214|0x0000000710e00000, 0x0000000710e00000, 0x0000000710f00000|  0%| F|  |TAMS 0x0000000710e00000, 0x0000000710e00000| Untracked 
| 215|0x0000000710f00000, 0x0000000710f00000, 0x0000000711000000|  0%| F|  |TAMS 0x0000000710f00000, 0x0000000710f00000| Untracked 
| 216|0x0000000711000000, 0x0000000711000000, 0x0000000711100000|  0%| F|  |TAMS 0x0000000711000000, 0x0000000711000000| Untracked 
| 217|0x0000000711100000, 0x0000000711100000, 0x0000000711200000|  0%| F|  |TAMS 0x0000000711100000, 0x0000000711100000| Untracked 
| 218|0x0000000711200000, 0x0000000711200000, 0x0000000711300000|  0%| F|  |TAMS 0x0000000711200000, 0x0000000711200000| Untracked 
| 219|0x0000000711300000, 0x0000000711300000, 0x0000000711400000|  0%| F|  |TAMS 0x0000000711300000, 0x0000000711300000| Untracked 
| 220|0x0000000711400000, 0x0000000711400000, 0x0000000711500000|  0%| F|  |TAMS 0x0000000711400000, 0x0000000711400000| Untracked 
| 221|0x0000000711500000, 0x0000000711500000, 0x0000000711600000|  0%| F|  |TAMS 0x0000000711500000, 0x0000000711500000| Untracked 
| 222|0x0000000711600000, 0x0000000711600000, 0x0000000711700000|  0%| F|  |TAMS 0x0000000711600000, 0x0000000711600000| Untracked 
| 223|0x0000000711700000, 0x0000000711700000, 0x0000000711800000|  0%| F|  |TAMS 0x0000000711700000, 0x0000000711700000| Untracked 
| 224|0x0000000711800000, 0x0000000711800000, 0x0000000711900000|  0%| F|  |TAMS 0x0000000711800000, 0x0000000711800000| Untracked 
| 225|0x0000000711900000, 0x0000000711900000, 0x0000000711a00000|  0%| F|  |TAMS 0x0000000711900000, 0x0000000711900000| Untracked 
| 226|0x0000000711a00000, 0x0000000711a00000, 0x0000000711b00000|  0%| F|  |TAMS 0x0000000711a00000, 0x0000000711a00000| Untracked 
| 227|0x0000000711b00000, 0x0000000711b00000, 0x0000000711c00000|  0%| F|  |TAMS 0x0000000711b00000, 0x0000000711b00000| Untracked 
| 228|0x0000000711c00000, 0x0000000711c00000, 0x0000000711d00000|  0%| F|  |TAMS 0x0000000711c00000, 0x0000000711c00000| Untracked 
| 229|0x0000000711d00000, 0x0000000711d00000, 0x0000000711e00000|  0%| F|  |TAMS 0x0000000711d00000, 0x0000000711d00000| Untracked 
| 230|0x0000000711e00000, 0x0000000711e00000, 0x0000000711f00000|  0%| F|  |TAMS 0x0000000711e00000, 0x0000000711e00000| Untracked 
| 231|0x0000000711f00000, 0x0000000711f00000, 0x0000000712000000|  0%| F|  |TAMS 0x0000000711f00000, 0x0000000711f00000| Untracked 
| 232|0x0000000712000000, 0x0000000712000000, 0x0000000712100000|  0%| F|  |TAMS 0x0000000712000000, 0x0000000712000000| Untracked 
| 233|0x0000000712100000, 0x0000000712100000, 0x0000000712200000|  0%| F|  |TAMS 0x0000000712100000, 0x0000000712100000| Untracked 
| 234|0x0000000712200000, 0x0000000712200000, 0x0000000712300000|  0%| F|  |TAMS 0x0000000712200000, 0x0000000712200000| Untracked 
| 235|0x0000000712300000, 0x0000000712300000, 0x0000000712400000|  0%| F|  |TAMS 0x0000000712300000, 0x0000000712300000| Untracked 
| 236|0x0000000712400000, 0x0000000712400000, 0x0000000712500000|  0%| F|  |TAMS 0x0000000712400000, 0x0000000712400000| Untracked 
| 237|0x0000000712500000, 0x0000000712500000, 0x0000000712600000|  0%| F|  |TAMS 0x0000000712500000, 0x0000000712500000| Untracked 
| 238|0x0000000712600000, 0x0000000712600000, 0x0000000712700000|  0%| F|  |TAMS 0x0000000712600000, 0x0000000712600000| Untracked 
| 239|0x0000000712700000, 0x0000000712700000, 0x0000000712800000|  0%| F|  |TAMS 0x0000000712700000, 0x0000000712700000| Untracked 
| 240|0x0000000712800000, 0x0000000712800000, 0x0000000712900000|  0%| F|  |TAMS 0x0000000712800000, 0x0000000712800000| Untracked 
| 241|0x0000000712900000, 0x0000000712900000, 0x0000000712a00000|  0%| F|  |TAMS 0x0000000712900000, 0x0000000712900000| Untracked 
| 242|0x0000000712a00000, 0x0000000712a00000, 0x0000000712b00000|  0%| F|  |TAMS 0x0000000712a00000, 0x0000000712a00000| Untracked 
| 243|0x0000000712b00000, 0x0000000712b00000, 0x0000000712c00000|  0%| F|  |TAMS 0x0000000712b00000, 0x0000000712b00000| Untracked 
| 244|0x0000000712c00000, 0x0000000712c00000, 0x0000000712d00000|  0%| F|  |TAMS 0x0000000712c00000, 0x0000000712c00000| Untracked 
| 245|0x0000000712d00000, 0x0000000712df7940, 0x0000000712e00000| 96%| E|  |TAMS 0x0000000712d00000, 0x0000000712d00000| Complete 
| 246|0x0000000712e00000, 0x0000000712f00000, 0x0000000712f00000|100%| E|CS|TAMS 0x0000000712e00000, 0x0000000712e00000| Complete 
| 247|0x0000000712f00000, 0x0000000713000000, 0x0000000713000000|100%| E|CS|TAMS 0x0000000712f00000, 0x0000000712f00000| Complete 
| 248|0x0000000713000000, 0x0000000713100000, 0x0000000713100000|100%| E|CS|TAMS 0x0000000713000000, 0x0000000713000000| Complete 
| 249|0x0000000713100000, 0x0000000713200000, 0x0000000713200000|100%| E|CS|TAMS 0x0000000713100000, 0x0000000713100000| Complete 
| 250|0x0000000713200000, 0x0000000713300000, 0x0000000713300000|100%| E|CS|TAMS 0x0000000713200000, 0x0000000713200000| Complete 
| 251|0x0000000713300000, 0x0000000713400000, 0x0000000713400000|100%| E|CS|TAMS 0x0000000713300000, 0x0000000713300000| Complete 
| 252|0x0000000713400000, 0x0000000713500000, 0x0000000713500000|100%| E|CS|TAMS 0x0000000713400000, 0x0000000713400000| Complete 
| 253|0x0000000713500000, 0x0000000713600000, 0x0000000713600000|100%| E|CS|TAMS 0x0000000713500000, 0x0000000713500000| Complete 

Card table byte_map: [0x00000262f3330000,0x00000262f3b20000] _byte_map_base: 0x00000262efb14000

Marking Bits (Prev, Next): (CMBitMap*) 0x00000262dc018748, (CMBitMap*) 0x00000262dc018780
 Prev Bits: [0x00000262f4310000, 0x00000262f8230000)
 Next Bits: [0x00000262f8230000, 0x00000262fc150000)

Polling page: 0x00000262d9fe0000

Metaspace:

Usage:
  Non-class:      9.93 MB capacity,     9.72 MB ( 98%) used,   202.30 KB (  2%) free+waste,    15.94 KB ( <1%) overhead. 
      Class:      1.10 MB capacity,     1.04 MB ( 94%) used,    61.08 KB (  5%) free+waste,     7.50 KB ( <1%) overhead. 
       Both:     11.04 MB capacity,    10.76 MB ( 97%) used,   263.38 KB (  2%) free+waste,    23.44 KB ( <1%) overhead. 

Virtual space:
  Non-class space:       10.00 MB reserved,      10.00 MB (100%) committed 
      Class space:        1.00 GB reserved,       1.13 MB ( <1%) committed 
             Both:        1.01 GB reserved,      11.13 MB (  1%) committed 

Chunk freelists:
   Non-Class:  384 bytes
       Class:  2.88 KB
        Both:  3.25 KB

CodeHeap 'non-profiled nmethods': size=120000Kb used=234Kb max_used=234Kb free=119765Kb
 bounds [0x00000262eb0c0000, 0x00000262eb330000, 0x00000262f25f0000]
CodeHeap 'profiled nmethods': size=120000Kb used=1264Kb max_used=1264Kb free=118735Kb
 bounds [0x00000262e3b90000, 0x00000262e3e00000, 0x00000262eb0c0000]
CodeHeap 'non-nmethods': size=5760Kb used=1131Kb max_used=1145Kb free=4628Kb
 bounds [0x00000262e35f0000, 0x00000262e3860000, 0x00000262e3b90000]
 total_blobs=1263 nmethods=805 adapters=370
 compilation: enabled
              stopped_count=0, restarted_count=0
 full_count=0

Compilation events (10 events):
Event: 0.560 Thread 0x00000262ff80d000  800       3       sun.invoke.util.Wrapper::isIntegral (23 bytes)
Event: 0.560 Thread 0x00000262ff80d000 nmethod 800 0x00000262e3cca090 code [0x00000262e3cca240, 0x00000262e3cca498]
Event: 0.562 Thread 0x00000262ff80d000  802       3       java.lang.ref.PhantomReference::<init> (7 bytes)
Event: 0.562 Thread 0x00000262ff80d000 nmethod 802 0x00000262e3cca590 code [0x00000262e3cca740, 0x00000262e3ccaa18]
Event: 0.563 Thread 0x00000262ff80d000  803       3       jdk.internal.ref.PhantomCleanable::<init> (49 bytes)
Event: 0.563 Thread 0x00000262ff80d000 nmethod 803 0x00000262e3ccab10 code [0x00000262e3ccad60, 0x00000262e3ccb8b8]
Event: 0.563 Thread 0x00000262ff80d000  804   !   3       jdk.internal.ref.PhantomCleanable::insert (53 bytes)
Event: 0.563 Thread 0x00000262ff80d000 nmethod 804 0x00000262e3ccbc10 code [0x00000262e3ccbdc0, 0x00000262e3ccc238]
Event: 0.570 Thread 0x00000262ff80d000  805       1       java.util.concurrent.CopyOnWriteArrayList::getArray (5 bytes)
Event: 0.570 Thread 0x00000262ff80d000 nmethod 805 0x00000262eb0fa610 code [0x00000262eb0fa7a0, 0x00000262eb0fa858]

GC Heap History (0 events):
No events

Deoptimization events (9 events):
Event: 0.099 Thread 0x00000262dbfb9000 Uncommon trap: reason=unstable_if action=reinterpret pc=0x00000262eb0c51f4 method=java.lang.String.isLatin1()Z @ 10 c2
Event: 0.134 Thread 0x00000262dbfb9000 Uncommon trap: reason=bimorphic_or_optimized_type_check action=maybe_recompile pc=0x00000262eb0cb014 method=java.util.AbstractCollection.isEmpty()Z @ 1 c2
Event: 0.134 Thread 0x00000262dbfb9000 Uncommon trap: reason=bimorphic_or_optimized_type_check action=maybe_recompile pc=0x00000262eb0cb014 method=java.util.AbstractCollection.isEmpty()Z @ 1 c2
Event: 0.135 Thread 0x00000262dbfb9000 Uncommon trap: reason=bimorphic_or_optimized_type_check action=maybe_recompile pc=0x00000262eb0cb014 method=java.util.AbstractCollection.isEmpty()Z @ 1 c2
Event: 0.135 Thread 0x00000262dbfb9000 Uncommon trap: reason=bimorphic_or_optimized_type_check action=maybe_recompile pc=0x00000262eb0cb014 method=java.util.AbstractCollection.isEmpty()Z @ 1 c2
Event: 0.213 Thread 0x00000262dbfb9000 Uncommon trap: reason=unstable_if action=reinterpret pc=0x00000262eb0e47ec method=java.io.BufferedReader.read()I @ 19 c2
Event: 0.213 Thread 0x00000262dbfb9000 Uncommon trap: reason=unstable_if action=reinterpret pc=0x00000262eb0e4188 method=java.io.BufferedReader.read()I @ 19 c2
Event: 0.262 Thread 0x00000262dbfb9000 Uncommon trap: reason=unstable_if action=reinterpret pc=0x00000262eb0dfc58 method=java.lang.AbstractStringBuilder.isLatin1()Z @ 10 c2
Event: 0.281 Thread 0x00000262dbfb9000 Uncommon trap: reason=unstable_if action=reinterpret pc=0x00000262eb0cf3e0 method=java.util.HashMap.putVal(ILjava/lang/Object;Ljava/lang/Object;ZZ)Ljava/lang/Object; @ 236 c2

Classes redefined (0 events):
No events

Internal exceptions (10 events):
Event: 0.155 Thread 0x00000262dbfb9000 Exception <a 'java/lang/NoSuchMethodError'{0x0000000713249838}: java.lang.invoke.DirectMethodHandle$Holder.invokeStatic(Ljava/lang/Object;Ljava/lang/Object;Ljava/lang/Object;Ljava/lang/Object;Ljava/lang/Object;Ljava/lang/Object;Ljava/lang/Object;Ljava/lan
Event: 0.156 Thread 0x00000262dbfb9000 Exception <a 'java/lang/NoSuchMethodError'{0x00000007132573e8}: java.lang.invoke.DirectMethodHandle$Holder.invokeStatic(Ljava/lang/Object;Ljava/lang/Object;Ljava/lang/Object;Ljava/lang/Object;Ljava/lang/Object;Ljava/lang/Object;Ljava/lang/Object;Ljava/lan
Event: 0.157 Thread 0x00000262dbfb9000 Exception <a 'java/lang/NoSuchMethodError'{0x0000000713265050}: java.lang.invoke.DirectMethodHandle$Holder.invokeSpecial(Ljava/lang/Object;Ljava/lang/Object;IILjava/lang/Object;Ljava/lang/Object;Ljava/lang/Object;)Ljava/lang/Object;> (0x0000000713265050) 
Event: 0.157 Thread 0x00000262dbfb9000 Exception <a 'java/lang/NoSuchMethodError'{0x00000007132685d8}: java.lang.invoke.DelegatingMethodHandle$Holder.reinvoke_L(Ljava/lang/Object;IILjava/lang/Object;Ljava/lang/Object;Ljava/lang/Object;)Ljava/lang/Object;> (0x00000007132685d8) thrown at [./open
Event: 0.158 Thread 0x00000262dbfb9000 Exception <a 'java/lang/NoSuchMethodError'{0x000000071326c6b8}: java.lang.invoke.DirectMethodHandle$Holder.invokeStatic(Ljava/lang/Object;Ljava/lang/Object;Ljava/lang/Object;Ljava/lang/Object;I)Ljava/lang/Object;> (0x000000071326c6b8) thrown at [./open/sr
Event: 0.164 Thread 0x00000262dbfb9000 Exception <a 'java/io/FileNotFoundException'{0x00000007132cf210}> (0x00000007132cf210) thrown at [./open/src/hotspot/share/prims/jni.cpp, line 611]
Event: 0.211 Thread 0x00000262dbfb9000 Exception <a 'java/lang/ClassNotFoundException'{0x0000000713056420}: javax/smartcardio/CardPermission> (0x0000000713056420) thrown at [./open/src/hotspot/share/classfile/systemDictionary.cpp, line 227]
Event: 0.213 Thread 0x00000262dbfb9000 Exception <a 'java/io/FileNotFoundException'{0x00000007130648c8}> (0x00000007130648c8) thrown at [./open/src/hotspot/share/prims/jni.cpp, line 611]
Event: 0.286 Thread 0x00000262dbfb9000 Exception <a 'java/lang/NoSuchMethodError'{0x0000000712d52d68}: java.lang.invoke.DirectMethodHandle$Holder.invokeStaticInit(Ljava/lang/Object;IIII)Ljava/lang/Object;> (0x0000000712d52d68) thrown at [./open/src/hotspot/share/interpreter/linkResolver.cpp, l
Event: 0.408 Thread 0x00000262dbfb9000 Exception <a 'java/lang/NoSuchMethodError'{0x0000000712d93b08}: java.lang.invoke.DirectMethodHandle$Holder.invokeStaticInit(Ljava/lang/Object;Ljava/lang/Object;IIII)Ljava/lang/Object;> (0x0000000712d93b08) thrown at [./open/src/hotspot/share/interpreter/l

Events (10 events):
Event: 0.560 loading class com/xuggle/xuggler/XugglerConstants
Event: 0.560 loading class com/xuggle/xuggler/XugglerConstants done
Event: 0.560 loading class com/xuggle/xuggler/Global
Event: 0.560 loading class com/xuggle/xuggler/Global done
Event: 0.562 loading class com/xuggle/xuggler/IContainer$Type
Event: 0.562 loading class com/xuggle/xuggler/IContainer$Type done
Event: 0.563 loading class com/xuggle/xuggler/IContainer$Type$SwigNext
Event: 0.563 loading class com/xuggle/xuggler/IContainer$Type$SwigNext done
Event: 0.563 loading class com/xuggle/xuggler/IContainerFormat
Event: 0.563 loading class com/xuggle/xuggler/IContainerFormat done


Dynamic libraries:
0x00007ff75e300000 - 0x00007ff75e30f000 	C:\Program Files\Java\jdk-11.0.13\bin\java.exe
0x00007fffda820000 - 0x00007fffdaa29000 	C:\WINDOWS\SYSTEM32\ntdll.dll
0x00007fffd8f60000 - 0x00007fffd901d000 	C:\WINDOWS\System32\KERNEL32.DLL
0x00007fffd8330000 - 0x00007fffd86a9000 	C:\WINDOWS\System32\KERNELBASE.dll
0x00007fffd7d00000 - 0x00007fffd7e11000 	C:\WINDOWS\System32\ucrtbase.dll
0x00007fffd0790000 - 0x00007fffd07a5000 	C:\Program Files\Java\jdk-11.0.13\bin\VCRUNTIME140.dll
0x00007fffbaf30000 - 0x00007fffbaf48000 	C:\Program Files\Java\jdk-11.0.13\bin\jli.dll
0x00007fffd9020000 - 0x00007fffd90ce000 	C:\WINDOWS\System32\ADVAPI32.dll
0x00007fffd90d0000 - 0x00007fffd9173000 	C:\WINDOWS\System32\msvcrt.dll
0x00007fffd8730000 - 0x00007fffd87ce000 	C:\WINDOWS\System32\sechost.dll
0x00007fffd9940000 - 0x00007fffd9a60000 	C:\WINDOWS\System32\RPCRT4.dll
0x00007fffda340000 - 0x00007fffda4ec000 	C:\WINDOWS\System32\USER32.dll
0x00007fffd7ee0000 - 0x00007fffd7f06000 	C:\WINDOWS\System32\win32u.dll
0x00007fffb2530000 - 0x00007fffb27d5000 	C:\WINDOWS\WinSxS\amd64_microsoft.windows.common-controls_6595b64144ccf1df_6.0.22000.120_none_9d947278b86cc467\COMCTL32.dll
0x00007fffd8930000 - 0x00007fffd8959000 	C:\WINDOWS\System32\GDI32.dll
0x00007fffd7f10000 - 0x00007fffd8022000 	C:\WINDOWS\System32\gdi32full.dll
0x00007fffd8290000 - 0x00007fffd832d000 	C:\WINDOWS\System32\msvcp_win.dll
0x00007fffced00000 - 0x00007fffced0a000 	C:\WINDOWS\SYSTEM32\VERSION.dll
0x00007fffda300000 - 0x00007fffda331000 	C:\WINDOWS\System32\IMM32.DLL
0x00007fff89d40000 - 0x00007fff89ddb000 	C:\Program Files\Java\jdk-11.0.13\bin\msvcp140.dll
0x00007fff939f0000 - 0x00007fff94503000 	C:\Program Files\Java\jdk-11.0.13\bin\server\jvm.dll
0x00007fffd9930000 - 0x00007fffd9938000 	C:\WINDOWS\System32\PSAPI.DLL
0x00007fffd07b0000 - 0x00007fffd07b9000 	C:\WINDOWS\SYSTEM32\WSOCK32.dll
0x00007fffcecc0000 - 0x00007fffcecf3000 	C:\WINDOWS\SYSTEM32\WINMM.dll
0x00007fffd9a60000 - 0x00007fffd9acf000 	C:\WINDOWS\System32\WS2_32.dll
0x00007fffd6ef0000 - 0x00007fffd6f08000 	C:\WINDOWS\SYSTEM32\kernel.appcore.dll
0x00007fffd0710000 - 0x00007fffd0720000 	C:\Program Files\Java\jdk-11.0.13\bin\verify.dll
0x00007fffd5800000 - 0x00007fffd5a21000 	C:\WINDOWS\SYSTEM32\DBGHELP.DLL
0x00007fffba840000 - 0x00007fffba871000 	C:\WINDOWS\SYSTEM32\dbgcore.DLL
0x00007fffd8210000 - 0x00007fffd828f000 	C:\WINDOWS\System32\bcryptPrimitives.dll
0x00007fffd0720000 - 0x00007fffd0748000 	C:\Program Files\Java\jdk-11.0.13\bin\java.dll
0x00007fffd0700000 - 0x00007fffd070a000 	C:\Program Files\Java\jdk-11.0.13\bin\jimage.dll
0x00007fffd06e0000 - 0x00007fffd06f6000 	C:\Program Files\Java\jdk-11.0.13\bin\zip.dll
0x00007fffd9b40000 - 0x00007fffda2f8000 	C:\WINDOWS\System32\SHELL32.dll
0x00007fffd5e30000 - 0x00007fffd6698000 	C:\WINDOWS\SYSTEM32\windows.storage.dll
0x00007fffd8960000 - 0x00007fffd8cd9000 	C:\WINDOWS\System32\combase.dll
0x00007fffd5cc0000 - 0x00007fffd5e26000 	C:\WINDOWS\SYSTEM32\wintypes.dll
0x00007fffd9180000 - 0x00007fffd926a000 	C:\WINDOWS\System32\SHCORE.dll
0x00007fffda4f0000 - 0x00007fffda54d000 	C:\WINDOWS\System32\shlwapi.dll
0x00007fffd7c30000 - 0x00007fffd7c51000 	C:\WINDOWS\SYSTEM32\profapi.dll
0x00007fffa70d0000 - 0x00007fffa70e9000 	C:\Program Files\Java\jdk-11.0.13\bin\net.dll
0x00007fffce4d0000 - 0x00007fffce5dc000 	C:\WINDOWS\SYSTEM32\WINHTTP.dll
0x00007fffd7320000 - 0x00007fffd7387000 	C:\WINDOWS\system32\mswsock.dll
0x00007fffa70b0000 - 0x00007fffa70c2000 	C:\Program Files\Java\jdk-11.0.13\bin\nio.dll
0x00007fff91410000 - 0x00007fff915aa000 	C:\Program Files\Java\jdk-11.0.13\bin\awt.dll
0x00007fffd8d60000 - 0x00007fffd8e36000 	C:\WINDOWS\System32\OLEAUT32.dll
0x00007fffd1ea0000 - 0x00007fffd1f31000 	C:\WINDOWS\SYSTEM32\apphelp.dll
0x00007fffd7560000 - 0x00007fffd7578000 	C:\WINDOWS\SYSTEM32\CRYPTSP.dll
0x00007fffd6e50000 - 0x00007fffd6e85000 	C:\WINDOWS\system32\rsaenh.dll
0x00007fffd7410000 - 0x00007fffd7439000 	C:\WINDOWS\SYSTEM32\USERENV.dll
0x00007fffd76e0000 - 0x00007fffd7707000 	C:\WINDOWS\SYSTEM32\bcrypt.dll
0x00007fffd7580000 - 0x00007fffd758c000 	C:\WINDOWS\SYSTEM32\CRYPTBASE.dll
0x00007fffd6970000 - 0x00007fffd699d000 	C:\WINDOWS\SYSTEM32\IPHLPAPI.DLL
0x00007fffd8d40000 - 0x00007fffd8d49000 	C:\WINDOWS\System32\NSI.dll
0x00007fffce3c0000 - 0x00007fffce3d9000 	C:\WINDOWS\SYSTEM32\dhcpcsvc6.DLL
0x00007fffcefe0000 - 0x00007fffceffe000 	C:\WINDOWS\SYSTEM32\dhcpcsvc.DLL
0x00007fffd6a00000 - 0x00007fffd6ae8000 	C:\WINDOWS\SYSTEM32\DNSAPI.dll
0x000000006e740000 - 0x000000006fda5000 	C:\Users\murat\AppData\Local\Temp\xuggle\xuggle8191261213492669068.dll
0x00007fffda570000 - 0x00007fffda70a000 	C:\WINDOWS\System32\ole32.dll
0x00007fffb6ff0000 - 0x00007fffb7009000 	C:\WINDOWS\SYSTEM32\AVICAP32.dll
0x00007fffb6a40000 - 0x00007fffb6a6b000 	C:\WINDOWS\SYSTEM32\MSVFW32.dll

dbghelp: loaded successfully - version: 4.0.5 - missing functions: none
symbol engine: initialized successfully - sym options: 0x614 - pdb path: .;C:\Program Files\Java\jdk-11.0.13\bin;C:\WINDOWS\SYSTEM32;C:\WINDOWS\WinSxS\amd64_microsoft.windows.common-controls_6595b64144ccf1df_6.0.22000.120_none_9d947278b86cc467;C:\Program Files\Java\jdk-11.0.13\bin\server;C:\Users\murat\AppData\Local\Temp\xuggle

VM Arguments:
jvm_args: -Dfile.encoding=UTF-8 --module-path=C:\Users\murat\OneDrive\Documenti\GitHub\AbissiCurallo\AbissiCurallo\build\classes 
java_command: abissicurallo.FinestraIniziale
java_class_path (initial): C:\Program Files\NetBeans-12.5\netbeans\java\modules\ext\AbsoluteLayout.jar;C:\Users\murat\OneDrive\Desktop\commons-cli-1.5.0.jar;C:\Users\murat\OneDrive\Desktop\commons-lang3-3.12.0.jar;C:\Users\murat\OneDrive\Desktop\logback-classic-1.0.0.jar;C:\Users\murat\OneDrive\Desktop\logback-core-1.0.0.jar;C:\Users\murat\OneDrive\Desktop\slf4j-api-1.6.4.jar;C:\Users\murat\OneDrive\Desktop\xuggle-xuggler-5.4.jar;C:\Users\murat\OneDrive\Documenti\GitHub\AbissiCurallo\AbissiCurallo\build\classes
Launcher Type: SUN_STANDARD

[Global flags]
     intx CICompilerCount                          = 4                                         {product} {ergonomic}
     uint ConcGCThreads                            = 3                                         {product} {ergonomic}
     uint G1ConcRefinementThreads                  = 10                                        {product} {ergonomic}
   size_t G1HeapRegionSize                         = 1048576                                   {product} {ergonomic}
    uintx GCDrainStackTargetSize                   = 64                                        {product} {ergonomic}
   size_t InitialHeapSize                          = 266338304                                 {product} {ergonomic}
   size_t MarkStackSize                            = 4194304                                   {product} {ergonomic}
   size_t MaxHeapSize                              = 4236247040                                {product} {ergonomic}
   size_t MaxNewSize                               = 2541748224                                {product} {ergonomic}
   size_t MinHeapDeltaBytes                        = 1048576                                   {product} {ergonomic}
    uintx NonNMethodCodeHeapSize                   = 5836300                                {pd product} {ergonomic}
    uintx NonProfiledCodeHeapSize                  = 122910970                              {pd product} {ergonomic}
    uintx ProfiledCodeHeapSize                     = 122910970                              {pd product} {ergonomic}
    uintx ReservedCodeCacheSize                    = 251658240                              {pd product} {ergonomic}
     bool SegmentedCodeCache                       = true                                      {product} {ergonomic}
     bool UseCompressedClassPointers               = true                                 {lp64_product} {ergonomic}
     bool UseCompressedOops                        = true                                 {lp64_product} {ergonomic}
     bool UseG1GC                                  = true                                      {product} {ergonomic}
     bool UseLargePagesIndividualAllocation        = false                                  {pd product} {ergonomic}

Logging:
Log output configuration:
 #0: stdout all=warning uptime,level,tags
 #1: stderr all=off uptime,level,tags

Environment Variables:
PATH=C:\Program Files (x86)\Common Files\Intel\Shared Libraries\redist\intel64\compiler;C:\Program Files\Common Files\Oracle\Java\javapath;C:\Program Files (x86)\Common Files\Oracle\Java\javapath;C:\windows\system32;C:\windows;C:\windows\System32\Wbem;C:\windows\System32\WindowsPowerShell\v1.0\;C:\windows\System32\OpenSSH\;C:\Program Files (x86)\NVIDIA Corporation\PhysX\Common;C:\Program Files\NVIDIA Corporation\NVIDIA NvDLISR;C:\Program Files\Common Files\Autodesk Shared\;C:\Program Files\Microsoft SQL Server\120\Tools\Binn\;C:\Program Files\dotnet\;C:\WINDOWS\system32;C:\WINDOWS;C:\WINDOWS\System32\Wbem;C:\WINDOWS\System32\WindowsPowerShell\v1.0\;C:\WINDOWS\System32\OpenSSH\;C:\Users\murat\AppData\Local\Microsoft\WindowsApps;C:\Users\murat\.dotnet\tools;C:\Users\murat\AppData\Local\GitHubDesktop\bin
USERNAME=murat
OS=Windows_NT
PROCESSOR_IDENTIFIER=Intel64 Family 6 Model 165 Stepping 2, GenuineIntel



---------------  S Y S T E M  ---------------

OS: Windows 10 , 64 bit Build 22000 (10.0.22000.708)

CPU:total 12 (initial active 12) (6 cores per cpu, 2 threads per core) family 6 model 165 stepping 2 microcode 0xec, cmov, cx8, fxsr, mmx, sse, sse2, sse3, ssse3, sse4.1, sse4.2, popcnt, avx, avx2, aes, clmul, erms, 3dnowpref, lzcnt, ht, tsc, tscinvbit, bmi1, bmi2, adx, fma

Memory: 4k page, system-wide physical 16155M (6518M free)
TotalPageFile size 26907M (AvailPageFile size 12249M)
current process WorkingSet (physical memory assigned to process): 67M, peak: 67M
current process commit charge ("private bytes"): 362M, peak: 362M

vm_info: Java HotSpot(TM) 64-Bit Server VM (11.0.13+10-LTS-370) for windows-amd64 JRE (11.0.13+10-LTS-370), built on Sep 15 2021 22:10:36 by "mach5one" with MS VC++ 15.9 (VS2017)

END.
