#
# A fatal error has been detected by the Java Runtime Environment:
#
#  EXCEPTION_ACCESS_VIOLATION (0xc0000005) at pc=0x000000006ee76520, pid=8856, tid=15488
#
# JRE version: Java(TM) SE Runtime Environment 18.9 (11.0.13+10) (build 11.0.13+10-LTS-370)
# Java VM: Java HotSpot(TM) 64-Bit Server VM 18.9 (11.0.13+10-LTS-370, mixed mode, tiered, compressed oops, g1 gc, windows-amd64)
# Problematic frame:
# C  [xuggle15873688092808218966.dll+0x736520]
#
# No core dump will be written. Minidumps are not enabled by default on client versions of Windows
#
# If you would like to submit a bug report, please visit:
#   https://bugreport.java.com/bugreport/crash.jsp
# The crash happened outside the Java Virtual Machine in native code.
# See problematic frame for where to report the bug.
#

---------------  S U M M A R Y ------------

Command Line: -Dfile.encoding=UTF-8 --module-path=C:\Users\murat\OneDrive\Documenti\GitHub\AbissiCurallo\AbissiCurallo\build\classes abissicurallo.FinestraIniziale

Host: Intel(R) Core(TM) i7-10750H CPU @ 2.60GHz, 12 cores, 15G,  Windows 10 , 64 bit Build 22000 (10.0.22000.708)
Time: Thu Jun 30 23:58:39 2022 ora legale Europa occidentale elapsed time: 0.838376 seconds (0d 0h 0m 0s)

---------------  T H R E A D  ---------------

Current thread (0x0000024f18269800):  JavaThread "main" [_thread_in_native, id=15488, stack(0x000000d79f100000,0x000000d79f200000)]

Stack: [0x000000d79f100000,0x000000d79f200000],  sp=0x000000d79f1fdfc0,  free space=1015k
Native frames: (J=compiled Java code, j=interpreted, Vv=VM code, C=native code)
C  [xuggle15873688092808218966.dll+0x736520]

Java frames: (J=compiled Java code, j=interpreted, Vv=VM code)
j  com.xuggle.xuggler.XugglerJNI.IContainer_open__SWIG_1(JLcom/xuggle/xuggler/IContainer;Ljava/lang/String;IJLcom/xuggle/xuggler/IContainerFormat;ZZ)I+0
j  com.xuggle.xuggler.IContainer.open(Ljava/lang/String;Lcom/xuggle/xuggler/IContainer$Type;Lcom/xuggle/xuggler/IContainerFormat;ZZ)I+19
j  com.xuggle.mediatool.MediaReader.open()V+20
j  com.xuggle.mediatool.MediaReader.readPacket()Lcom/xuggle/xuggler/IError;+8
j  abissicurallo.FinestraIniziale.play(Ljava/lang/String;)V+70
j  abissicurallo.FinestraIniziale.main([Ljava/lang/String;)V+11
v  ~StubRoutines::call_stub

siginfo: EXCEPTION_ACCESS_VIOLATION (0xc0000005), reading address 0xffffffffffffffff


Register to memory mapping:

RIP=0x000000006ee76520 xuggle15873688092808218966.dll
RAX=0x0000024f438e4990 points into unknown readable memory: 0x8000000000000000 | 00 00 00 00 00 00 00 80
RBX=0x0000024f438e75c0 points into unknown readable memory: 0x0000000000000000 | 00 00 00 00 00 00 00 00
RCX=0x0000024f438e4990 points into unknown readable memory: 0x8000000000000000 | 00 00 00 00 00 00 00 80
RDX=0x0000000000000009 is an unknown value
RSP=0x000000d79f1fdfc0 is pointing into the stack for thread: 0x0000024f18269800
RBP=0x0000024f438e40d0 points into unknown readable memory: 0x0000024f4173ce60 | 60 ce 73 41 4f 02 00 00
RSI=0x0000024f438e5990 points into unknown readable memory: 0x0000000100000009 | 09 00 00 00 01 00 00 00
RDI=0x0000000000000004 is an unknown value
R8 =0x000000006ee77580 xuggle15873688092808218966.dll
R9 =0x000000006ee76490 xuggle15873688092808218966.dll
R10=0x0000024f41721f00 points into unknown readable memory: 0x016400c401840004 | 04 00 84 01 c4 00 64 01
R11=0x0000024f4180d9c0 points into unknown readable memory: 0xbcb464bbbcb4f32d | 2d f3 b4 bc bb 64 b4 bc
R12=0x0000024f4180e1c0 points into unknown readable memory: 0xbcb5a49ebcb516b8 | b8 16 b5 bc 9e a4 b5 bc
R13=0x0000000000000004 is an unknown value
R14=0x0000000000000184 is an unknown value
R15=0x000000006fab8f20 xuggle15873688092808218966.dll


Registers:
RAX=0x0000024f438e4990, RBX=0x0000024f438e75c0, RCX=0x0000024f438e4990, RDX=0x0000000000000009
RSP=0x000000d79f1fdfc0, RBP=0x0000024f438e40d0, RSI=0x0000024f438e5990, RDI=0x0000000000000004
R8 =0x000000006ee77580, R9 =0x000000006ee76490, R10=0x0000024f41721f00, R11=0x0000024f4180d9c0
R12=0x0000024f4180e1c0, R13=0x0000000000000004, R14=0x0000000000000184, R15=0x000000006fab8f20
RIP=0x000000006ee76520, EFLAGS=0x0000000000010202

Top of Stack: (sp=0x000000d79f1fdfc0)
0x000000d79f1fdfc0:   000000006ee76665 000000006ee774c5
0x000000d79f1fdfd0:   000000006ee77505 000000006ee77545
0x000000d79f1fdfe0:   000000006ee77585 000000006ee79426
0x000000d79f1fdff0:   000000006fab8f20 0000024f438e4990
0x000000d79f1fe000:   0000024f438e9a80 0000000000000000
0x000000d79f1fe010:   3fe0000000000000 0000000000000000
0x000000d79f1fe020:   40c7760000000000 0000000000000000
0x000000d79f1fe030:   3fe0000000000000 0000000000000001
0x000000d79f1fe040:   0000024f438eaa80 000000006ea45d24
0x000000d79f1fe050:   3f40624dd2f1a9fc 0000000000000000
0x000000d79f1fe060:   0000000000000000 0000000000000000
0x000000d79f1fe070:   0000000000000000 0000000000000000
0x000000d79f1fe080:   0000024f438f3980 000000006fab7320
0x000000d79f1fe090:   0000000000000000 0000024f438e7520
0x000000d79f1fe0a0:   0000000000000001 0000024f438e40d0
0x000000d79f1fe0b0:   0000024f438e4150 0000000000000000 

Instructions: (pc=0x000000006ee76520)
0x000000006ee76500:   c4 e3 5d 0c c0 55 c5 e4 5c c8 c5 e4 58 c0 c5 fc
0x000000006ee76510:   29 01 c5 fc 29 49 20 c3 0f 1f 84 00 00 00 00 00
0x000000006ee76520:   c5 fc 28 51 40 c5 fc 28 59 60 c5 ec 5c fb c5 ec
0x000000006ee76530:   58 d3 c5 c4 57 3d 26 41 84 00 c5 ec c6 df be c5 


Stack slot to memory mapping:
stack at sp + 0 slots: 0x000000006ee76665 xuggle15873688092808218966.dll
stack at sp + 1 slots: 0x000000006ee774c5 xuggle15873688092808218966.dll
stack at sp + 2 slots: 0x000000006ee77505 xuggle15873688092808218966.dll
stack at sp + 3 slots: 0x000000006ee77545 xuggle15873688092808218966.dll
stack at sp + 4 slots: 0x000000006ee77585 xuggle15873688092808218966.dll
stack at sp + 5 slots: 0x000000006ee79426 xuggle15873688092808218966.dll
stack at sp + 6 slots: 0x000000006fab8f20 xuggle15873688092808218966.dll
stack at sp + 7 slots: 0x0000024f438e4990 points into unknown readable memory: 0x8000000000000000 | 00 00 00 00 00 00 00 80


---------------  P R O C E S S  ---------------

Threads class SMR info:
_java_thread_list=0x0000024f3ccc6d50, length=14, elements={
0x0000024f18269800, 0x0000024f3b8df800, 0x0000024f3b8e9000, 0x0000024f3b8f5000,
0x0000024f3b8fb000, 0x0000024f3b8fb800, 0x0000024f3c1ef800, 0x0000024f3c1f8800,
0x0000024f3c1fa000, 0x0000024f3c365000, 0x0000024f3c96e800, 0x0000024f3c973000,
0x0000024f3c974000, 0x0000024f3ce20800
}

Java Threads: ( => current thread )
=>0x0000024f18269800 JavaThread "main" [_thread_in_native, id=15488, stack(0x000000d79f100000,0x000000d79f200000)]
  0x0000024f3b8df800 JavaThread "Reference Handler" daemon [_thread_blocked, id=21176, stack(0x000000d79f800000,0x000000d79f900000)]
  0x0000024f3b8e9000 JavaThread "Finalizer" daemon [_thread_blocked, id=18872, stack(0x000000d79f900000,0x000000d79fa00000)]
  0x0000024f3b8f5000 JavaThread "Signal Dispatcher" daemon [_thread_blocked, id=9872, stack(0x000000d79fa00000,0x000000d79fb00000)]
  0x0000024f3b8fb000 JavaThread "Attach Listener" daemon [_thread_blocked, id=15272, stack(0x000000d79fb00000,0x000000d79fc00000)]
  0x0000024f3b8fb800 JavaThread "Service Thread" daemon [_thread_blocked, id=9788, stack(0x000000d79fc00000,0x000000d79fd00000)]
  0x0000024f3c1ef800 JavaThread "C2 CompilerThread0" daemon [_thread_blocked, id=2916, stack(0x000000d79fd00000,0x000000d79fe00000)]
  0x0000024f3c1f8800 JavaThread "C1 CompilerThread0" daemon [_thread_blocked, id=2144, stack(0x000000d79fe00000,0x000000d79ff00000)]
  0x0000024f3c1fa000 JavaThread "Sweeper thread" daemon [_thread_blocked, id=9696, stack(0x000000d79ff00000,0x000000d7a0000000)]
  0x0000024f3c365000 JavaThread "Common-Cleaner" daemon [_thread_blocked, id=8724, stack(0x000000d7a0000000,0x000000d7a0100000)]
  0x0000024f3c96e800 JavaThread "Java2D Disposer" daemon [_thread_blocked, id=21232, stack(0x000000d7a0300000,0x000000d7a0400000)]
  0x0000024f3c973000 JavaThread "AWT-Shutdown" [_thread_blocked, id=13060, stack(0x000000d7a0400000,0x000000d7a0500000)]
  0x0000024f3c974000 JavaThread "AWT-Windows" daemon [_thread_in_native, id=19776, stack(0x000000d7a0500000,0x000000d7a0600000)]
  0x0000024f3ce20800 JavaThread "AWT-EventQueue-0" [_thread_blocked, id=20564, stack(0x000000d7a0870000,0x000000d7a0970000)]

Other Threads:
  0x0000024f3b8dc000 VMThread "VM Thread" [stack: 0x000000d79f700000,0x000000d79f800000] [id=1788]
  0x0000024f3c64e000 WatcherThread [stack: 0x000000d7a0200000,0x000000d7a0300000] [id=14792]
  0x0000024f1827e800 GCTaskThread "GC Thread#0" [stack: 0x000000d79f200000,0x000000d79f300000] [id=9684]
  0x0000024f182dc000 ConcurrentGCThread "G1 Main Marker" [stack: 0x000000d79f300000,0x000000d79f400000] [id=2316]
  0x0000024f182de800 ConcurrentGCThread "G1 Conc#0" [stack: 0x000000d79f400000,0x000000d79f500000] [id=14964]
  0x0000024f3b7bc000 ConcurrentGCThread "G1 Refine#0" [stack: 0x000000d79f500000,0x000000d79f600000] [id=19436]
  0x0000024f3b7bf000 ConcurrentGCThread "G1 Young RemSet Sampling" [stack: 0x000000d79f600000,0x000000d79f700000] [id=19840]

Threads with active compile tasks:

VM state:not at safepoint (normal execution)

VM Mutex/Monitor currently owned by a thread: None

Heap address: 0x0000000703800000, size: 4040 MB, Compressed Oops mode: Zero based, Oop shift amount: 3
Narrow klass base: 0x0000000800000000, Narrow klass shift: 0
Compressed class space size: 1073741824 Address: 0x0000000800000000

Heap:
 garbage-first heap   total 260096K, used 14336K [0x0000000703800000, 0x0000000800000000)
  region size 1024K, 15 young (15360K), 0 survivors (0K)
 Metaspace       used 15648K, capacity 16099K, committed 16256K, reserved 1062912K
  class space    used 1649K, capacity 1825K, committed 1920K, reserved 1048576K
Heap Regions: E=young(eden), S=young(survivor), O=old, HS=humongous(starts), HC=humongous(continues), CS=collection set, F=free, A=archive, TAMS=top-at-mark-start (previous, next)
|   0|0x0000000703800000, 0x0000000703800000, 0x0000000703900000|  0%| F|  |TAMS 0x0000000703800000, 0x0000000703800000| Untracked 
|   1|0x0000000703900000, 0x0000000703900000, 0x0000000703a00000|  0%| F|  |TAMS 0x0000000703900000, 0x0000000703900000| Untracked 
|   2|0x0000000703a00000, 0x0000000703a00000, 0x0000000703b00000|  0%| F|  |TAMS 0x0000000703a00000, 0x0000000703a00000| Untracked 
|   3|0x0000000703b00000, 0x0000000703b00000, 0x0000000703c00000|  0%| F|  |TAMS 0x0000000703b00000, 0x0000000703b00000| Untracked 
|   4|0x0000000703c00000, 0x0000000703c00000, 0x0000000703d00000|  0%| F|  |TAMS 0x0000000703c00000, 0x0000000703c00000| Untracked 
|   5|0x0000000703d00000, 0x0000000703d00000, 0x0000000703e00000|  0%| F|  |TAMS 0x0000000703d00000, 0x0000000703d00000| Untracked 
|   6|0x0000000703e00000, 0x0000000703e00000, 0x0000000703f00000|  0%| F|  |TAMS 0x0000000703e00000, 0x0000000703e00000| Untracked 
|   7|0x0000000703f00000, 0x0000000703f00000, 0x0000000704000000|  0%| F|  |TAMS 0x0000000703f00000, 0x0000000703f00000| Untracked 
|   8|0x0000000704000000, 0x0000000704000000, 0x0000000704100000|  0%| F|  |TAMS 0x0000000704000000, 0x0000000704000000| Untracked 
|   9|0x0000000704100000, 0x0000000704100000, 0x0000000704200000|  0%| F|  |TAMS 0x0000000704100000, 0x0000000704100000| Untracked 
|  10|0x0000000704200000, 0x0000000704200000, 0x0000000704300000|  0%| F|  |TAMS 0x0000000704200000, 0x0000000704200000| Untracked 
|  11|0x0000000704300000, 0x0000000704300000, 0x0000000704400000|  0%| F|  |TAMS 0x0000000704300000, 0x0000000704300000| Untracked 
|  12|0x0000000704400000, 0x0000000704400000, 0x0000000704500000|  0%| F|  |TAMS 0x0000000704400000, 0x0000000704400000| Untracked 
|  13|0x0000000704500000, 0x0000000704500000, 0x0000000704600000|  0%| F|  |TAMS 0x0000000704500000, 0x0000000704500000| Untracked 
|  14|0x0000000704600000, 0x0000000704600000, 0x0000000704700000|  0%| F|  |TAMS 0x0000000704600000, 0x0000000704600000| Untracked 
|  15|0x0000000704700000, 0x0000000704700000, 0x0000000704800000|  0%| F|  |TAMS 0x0000000704700000, 0x0000000704700000| Untracked 
|  16|0x0000000704800000, 0x0000000704800000, 0x0000000704900000|  0%| F|  |TAMS 0x0000000704800000, 0x0000000704800000| Untracked 
|  17|0x0000000704900000, 0x0000000704900000, 0x0000000704a00000|  0%| F|  |TAMS 0x0000000704900000, 0x0000000704900000| Untracked 
|  18|0x0000000704a00000, 0x0000000704a00000, 0x0000000704b00000|  0%| F|  |TAMS 0x0000000704a00000, 0x0000000704a00000| Untracked 
|  19|0x0000000704b00000, 0x0000000704b00000, 0x0000000704c00000|  0%| F|  |TAMS 0x0000000704b00000, 0x0000000704b00000| Untracked 
|  20|0x0000000704c00000, 0x0000000704c00000, 0x0000000704d00000|  0%| F|  |TAMS 0x0000000704c00000, 0x0000000704c00000| Untracked 
|  21|0x0000000704d00000, 0x0000000704d00000, 0x0000000704e00000|  0%| F|  |TAMS 0x0000000704d00000, 0x0000000704d00000| Untracked 
|  22|0x0000000704e00000, 0x0000000704e00000, 0x0000000704f00000|  0%| F|  |TAMS 0x0000000704e00000, 0x0000000704e00000| Untracked 
|  23|0x0000000704f00000, 0x0000000704f00000, 0x0000000705000000|  0%| F|  |TAMS 0x0000000704f00000, 0x0000000704f00000| Untracked 
|  24|0x0000000705000000, 0x0000000705000000, 0x0000000705100000|  0%| F|  |TAMS 0x0000000705000000, 0x0000000705000000| Untracked 
|  25|0x0000000705100000, 0x0000000705100000, 0x0000000705200000|  0%| F|  |TAMS 0x0000000705100000, 0x0000000705100000| Untracked 
|  26|0x0000000705200000, 0x0000000705200000, 0x0000000705300000|  0%| F|  |TAMS 0x0000000705200000, 0x0000000705200000| Untracked 
|  27|0x0000000705300000, 0x0000000705300000, 0x0000000705400000|  0%| F|  |TAMS 0x0000000705300000, 0x0000000705300000| Untracked 
|  28|0x0000000705400000, 0x0000000705400000, 0x0000000705500000|  0%| F|  |TAMS 0x0000000705400000, 0x0000000705400000| Untracked 
|  29|0x0000000705500000, 0x0000000705500000, 0x0000000705600000|  0%| F|  |TAMS 0x0000000705500000, 0x0000000705500000| Untracked 
|  30|0x0000000705600000, 0x0000000705600000, 0x0000000705700000|  0%| F|  |TAMS 0x0000000705600000, 0x0000000705600000| Untracked 
|  31|0x0000000705700000, 0x0000000705700000, 0x0000000705800000|  0%| F|  |TAMS 0x0000000705700000, 0x0000000705700000| Untracked 
|  32|0x0000000705800000, 0x0000000705800000, 0x0000000705900000|  0%| F|  |TAMS 0x0000000705800000, 0x0000000705800000| Untracked 
|  33|0x0000000705900000, 0x0000000705900000, 0x0000000705a00000|  0%| F|  |TAMS 0x0000000705900000, 0x0000000705900000| Untracked 
|  34|0x0000000705a00000, 0x0000000705a00000, 0x0000000705b00000|  0%| F|  |TAMS 0x0000000705a00000, 0x0000000705a00000| Untracked 
|  35|0x0000000705b00000, 0x0000000705b00000, 0x0000000705c00000|  0%| F|  |TAMS 0x0000000705b00000, 0x0000000705b00000| Untracked 
|  36|0x0000000705c00000, 0x0000000705c00000, 0x0000000705d00000|  0%| F|  |TAMS 0x0000000705c00000, 0x0000000705c00000| Untracked 
|  37|0x0000000705d00000, 0x0000000705d00000, 0x0000000705e00000|  0%| F|  |TAMS 0x0000000705d00000, 0x0000000705d00000| Untracked 
|  38|0x0000000705e00000, 0x0000000705e00000, 0x0000000705f00000|  0%| F|  |TAMS 0x0000000705e00000, 0x0000000705e00000| Untracked 
|  39|0x0000000705f00000, 0x0000000705f00000, 0x0000000706000000|  0%| F|  |TAMS 0x0000000705f00000, 0x0000000705f00000| Untracked 
|  40|0x0000000706000000, 0x0000000706000000, 0x0000000706100000|  0%| F|  |TAMS 0x0000000706000000, 0x0000000706000000| Untracked 
|  41|0x0000000706100000, 0x0000000706100000, 0x0000000706200000|  0%| F|  |TAMS 0x0000000706100000, 0x0000000706100000| Untracked 
|  42|0x0000000706200000, 0x0000000706200000, 0x0000000706300000|  0%| F|  |TAMS 0x0000000706200000, 0x0000000706200000| Untracked 
|  43|0x0000000706300000, 0x0000000706300000, 0x0000000706400000|  0%| F|  |TAMS 0x0000000706300000, 0x0000000706300000| Untracked 
|  44|0x0000000706400000, 0x0000000706400000, 0x0000000706500000|  0%| F|  |TAMS 0x0000000706400000, 0x0000000706400000| Untracked 
|  45|0x0000000706500000, 0x0000000706500000, 0x0000000706600000|  0%| F|  |TAMS 0x0000000706500000, 0x0000000706500000| Untracked 
|  46|0x0000000706600000, 0x0000000706600000, 0x0000000706700000|  0%| F|  |TAMS 0x0000000706600000, 0x0000000706600000| Untracked 
|  47|0x0000000706700000, 0x0000000706700000, 0x0000000706800000|  0%| F|  |TAMS 0x0000000706700000, 0x0000000706700000| Untracked 
|  48|0x0000000706800000, 0x0000000706800000, 0x0000000706900000|  0%| F|  |TAMS 0x0000000706800000, 0x0000000706800000| Untracked 
|  49|0x0000000706900000, 0x0000000706900000, 0x0000000706a00000|  0%| F|  |TAMS 0x0000000706900000, 0x0000000706900000| Untracked 
|  50|0x0000000706a00000, 0x0000000706a00000, 0x0000000706b00000|  0%| F|  |TAMS 0x0000000706a00000, 0x0000000706a00000| Untracked 
|  51|0x0000000706b00000, 0x0000000706b00000, 0x0000000706c00000|  0%| F|  |TAMS 0x0000000706b00000, 0x0000000706b00000| Untracked 
|  52|0x0000000706c00000, 0x0000000706c00000, 0x0000000706d00000|  0%| F|  |TAMS 0x0000000706c00000, 0x0000000706c00000| Untracked 
|  53|0x0000000706d00000, 0x0000000706d00000, 0x0000000706e00000|  0%| F|  |TAMS 0x0000000706d00000, 0x0000000706d00000| Untracked 
|  54|0x0000000706e00000, 0x0000000706e00000, 0x0000000706f00000|  0%| F|  |TAMS 0x0000000706e00000, 0x0000000706e00000| Untracked 
|  55|0x0000000706f00000, 0x0000000706f00000, 0x0000000707000000|  0%| F|  |TAMS 0x0000000706f00000, 0x0000000706f00000| Untracked 
|  56|0x0000000707000000, 0x0000000707000000, 0x0000000707100000|  0%| F|  |TAMS 0x0000000707000000, 0x0000000707000000| Untracked 
|  57|0x0000000707100000, 0x0000000707100000, 0x0000000707200000|  0%| F|  |TAMS 0x0000000707100000, 0x0000000707100000| Untracked 
|  58|0x0000000707200000, 0x0000000707200000, 0x0000000707300000|  0%| F|  |TAMS 0x0000000707200000, 0x0000000707200000| Untracked 
|  59|0x0000000707300000, 0x0000000707300000, 0x0000000707400000|  0%| F|  |TAMS 0x0000000707300000, 0x0000000707300000| Untracked 
|  60|0x0000000707400000, 0x0000000707400000, 0x0000000707500000|  0%| F|  |TAMS 0x0000000707400000, 0x0000000707400000| Untracked 
|  61|0x0000000707500000, 0x0000000707500000, 0x0000000707600000|  0%| F|  |TAMS 0x0000000707500000, 0x0000000707500000| Untracked 
|  62|0x0000000707600000, 0x0000000707600000, 0x0000000707700000|  0%| F|  |TAMS 0x0000000707600000, 0x0000000707600000| Untracked 
|  63|0x0000000707700000, 0x0000000707700000, 0x0000000707800000|  0%| F|  |TAMS 0x0000000707700000, 0x0000000707700000| Untracked 
|  64|0x0000000707800000, 0x0000000707800000, 0x0000000707900000|  0%| F|  |TAMS 0x0000000707800000, 0x0000000707800000| Untracked 
|  65|0x0000000707900000, 0x0000000707900000, 0x0000000707a00000|  0%| F|  |TAMS 0x0000000707900000, 0x0000000707900000| Untracked 
|  66|0x0000000707a00000, 0x0000000707a00000, 0x0000000707b00000|  0%| F|  |TAMS 0x0000000707a00000, 0x0000000707a00000| Untracked 
|  67|0x0000000707b00000, 0x0000000707b00000, 0x0000000707c00000|  0%| F|  |TAMS 0x0000000707b00000, 0x0000000707b00000| Untracked 
|  68|0x0000000707c00000, 0x0000000707c00000, 0x0000000707d00000|  0%| F|  |TAMS 0x0000000707c00000, 0x0000000707c00000| Untracked 
|  69|0x0000000707d00000, 0x0000000707d00000, 0x0000000707e00000|  0%| F|  |TAMS 0x0000000707d00000, 0x0000000707d00000| Untracked 
|  70|0x0000000707e00000, 0x0000000707e00000, 0x0000000707f00000|  0%| F|  |TAMS 0x0000000707e00000, 0x0000000707e00000| Untracked 
|  71|0x0000000707f00000, 0x0000000707f00000, 0x0000000708000000|  0%| F|  |TAMS 0x0000000707f00000, 0x0000000707f00000| Untracked 
|  72|0x0000000708000000, 0x0000000708000000, 0x0000000708100000|  0%| F|  |TAMS 0x0000000708000000, 0x0000000708000000| Untracked 
|  73|0x0000000708100000, 0x0000000708100000, 0x0000000708200000|  0%| F|  |TAMS 0x0000000708100000, 0x0000000708100000| Untracked 
|  74|0x0000000708200000, 0x0000000708200000, 0x0000000708300000|  0%| F|  |TAMS 0x0000000708200000, 0x0000000708200000| Untracked 
|  75|0x0000000708300000, 0x0000000708300000, 0x0000000708400000|  0%| F|  |TAMS 0x0000000708300000, 0x0000000708300000| Untracked 
|  76|0x0000000708400000, 0x0000000708400000, 0x0000000708500000|  0%| F|  |TAMS 0x0000000708400000, 0x0000000708400000| Untracked 
|  77|0x0000000708500000, 0x0000000708500000, 0x0000000708600000|  0%| F|  |TAMS 0x0000000708500000, 0x0000000708500000| Untracked 
|  78|0x0000000708600000, 0x0000000708600000, 0x0000000708700000|  0%| F|  |TAMS 0x0000000708600000, 0x0000000708600000| Untracked 
|  79|0x0000000708700000, 0x0000000708700000, 0x0000000708800000|  0%| F|  |TAMS 0x0000000708700000, 0x0000000708700000| Untracked 
|  80|0x0000000708800000, 0x0000000708800000, 0x0000000708900000|  0%| F|  |TAMS 0x0000000708800000, 0x0000000708800000| Untracked 
|  81|0x0000000708900000, 0x0000000708900000, 0x0000000708a00000|  0%| F|  |TAMS 0x0000000708900000, 0x0000000708900000| Untracked 
|  82|0x0000000708a00000, 0x0000000708a00000, 0x0000000708b00000|  0%| F|  |TAMS 0x0000000708a00000, 0x0000000708a00000| Untracked 
|  83|0x0000000708b00000, 0x0000000708b00000, 0x0000000708c00000|  0%| F|  |TAMS 0x0000000708b00000, 0x0000000708b00000| Untracked 
|  84|0x0000000708c00000, 0x0000000708c00000, 0x0000000708d00000|  0%| F|  |TAMS 0x0000000708c00000, 0x0000000708c00000| Untracked 
|  85|0x0000000708d00000, 0x0000000708d00000, 0x0000000708e00000|  0%| F|  |TAMS 0x0000000708d00000, 0x0000000708d00000| Untracked 
|  86|0x0000000708e00000, 0x0000000708e00000, 0x0000000708f00000|  0%| F|  |TAMS 0x0000000708e00000, 0x0000000708e00000| Untracked 
|  87|0x0000000708f00000, 0x0000000708f00000, 0x0000000709000000|  0%| F|  |TAMS 0x0000000708f00000, 0x0000000708f00000| Untracked 
|  88|0x0000000709000000, 0x0000000709000000, 0x0000000709100000|  0%| F|  |TAMS 0x0000000709000000, 0x0000000709000000| Untracked 
|  89|0x0000000709100000, 0x0000000709100000, 0x0000000709200000|  0%| F|  |TAMS 0x0000000709100000, 0x0000000709100000| Untracked 
|  90|0x0000000709200000, 0x0000000709200000, 0x0000000709300000|  0%| F|  |TAMS 0x0000000709200000, 0x0000000709200000| Untracked 
|  91|0x0000000709300000, 0x0000000709300000, 0x0000000709400000|  0%| F|  |TAMS 0x0000000709300000, 0x0000000709300000| Untracked 
|  92|0x0000000709400000, 0x0000000709400000, 0x0000000709500000|  0%| F|  |TAMS 0x0000000709400000, 0x0000000709400000| Untracked 
|  93|0x0000000709500000, 0x0000000709500000, 0x0000000709600000|  0%| F|  |TAMS 0x0000000709500000, 0x0000000709500000| Untracked 
|  94|0x0000000709600000, 0x0000000709600000, 0x0000000709700000|  0%| F|  |TAMS 0x0000000709600000, 0x0000000709600000| Untracked 
|  95|0x0000000709700000, 0x0000000709700000, 0x0000000709800000|  0%| F|  |TAMS 0x0000000709700000, 0x0000000709700000| Untracked 
|  96|0x0000000709800000, 0x0000000709800000, 0x0000000709900000|  0%| F|  |TAMS 0x0000000709800000, 0x0000000709800000| Untracked 
|  97|0x0000000709900000, 0x0000000709900000, 0x0000000709a00000|  0%| F|  |TAMS 0x0000000709900000, 0x0000000709900000| Untracked 
|  98|0x0000000709a00000, 0x0000000709a00000, 0x0000000709b00000|  0%| F|  |TAMS 0x0000000709a00000, 0x0000000709a00000| Untracked 
|  99|0x0000000709b00000, 0x0000000709b00000, 0x0000000709c00000|  0%| F|  |TAMS 0x0000000709b00000, 0x0000000709b00000| Untracked 
| 100|0x0000000709c00000, 0x0000000709c00000, 0x0000000709d00000|  0%| F|  |TAMS 0x0000000709c00000, 0x0000000709c00000| Untracked 
| 101|0x0000000709d00000, 0x0000000709d00000, 0x0000000709e00000|  0%| F|  |TAMS 0x0000000709d00000, 0x0000000709d00000| Untracked 
| 102|0x0000000709e00000, 0x0000000709e00000, 0x0000000709f00000|  0%| F|  |TAMS 0x0000000709e00000, 0x0000000709e00000| Untracked 
| 103|0x0000000709f00000, 0x0000000709f00000, 0x000000070a000000|  0%| F|  |TAMS 0x0000000709f00000, 0x0000000709f00000| Untracked 
| 104|0x000000070a000000, 0x000000070a000000, 0x000000070a100000|  0%| F|  |TAMS 0x000000070a000000, 0x000000070a000000| Untracked 
| 105|0x000000070a100000, 0x000000070a100000, 0x000000070a200000|  0%| F|  |TAMS 0x000000070a100000, 0x000000070a100000| Untracked 
| 106|0x000000070a200000, 0x000000070a200000, 0x000000070a300000|  0%| F|  |TAMS 0x000000070a200000, 0x000000070a200000| Untracked 
| 107|0x000000070a300000, 0x000000070a300000, 0x000000070a400000|  0%| F|  |TAMS 0x000000070a300000, 0x000000070a300000| Untracked 
| 108|0x000000070a400000, 0x000000070a400000, 0x000000070a500000|  0%| F|  |TAMS 0x000000070a400000, 0x000000070a400000| Untracked 
| 109|0x000000070a500000, 0x000000070a500000, 0x000000070a600000|  0%| F|  |TAMS 0x000000070a500000, 0x000000070a500000| Untracked 
| 110|0x000000070a600000, 0x000000070a600000, 0x000000070a700000|  0%| F|  |TAMS 0x000000070a600000, 0x000000070a600000| Untracked 
| 111|0x000000070a700000, 0x000000070a700000, 0x000000070a800000|  0%| F|  |TAMS 0x000000070a700000, 0x000000070a700000| Untracked 
| 112|0x000000070a800000, 0x000000070a800000, 0x000000070a900000|  0%| F|  |TAMS 0x000000070a800000, 0x000000070a800000| Untracked 
| 113|0x000000070a900000, 0x000000070a900000, 0x000000070aa00000|  0%| F|  |TAMS 0x000000070a900000, 0x000000070a900000| Untracked 
| 114|0x000000070aa00000, 0x000000070aa00000, 0x000000070ab00000|  0%| F|  |TAMS 0x000000070aa00000, 0x000000070aa00000| Untracked 
| 115|0x000000070ab00000, 0x000000070ab00000, 0x000000070ac00000|  0%| F|  |TAMS 0x000000070ab00000, 0x000000070ab00000| Untracked 
| 116|0x000000070ac00000, 0x000000070ac00000, 0x000000070ad00000|  0%| F|  |TAMS 0x000000070ac00000, 0x000000070ac00000| Untracked 
| 117|0x000000070ad00000, 0x000000070ad00000, 0x000000070ae00000|  0%| F|  |TAMS 0x000000070ad00000, 0x000000070ad00000| Untracked 
| 118|0x000000070ae00000, 0x000000070ae00000, 0x000000070af00000|  0%| F|  |TAMS 0x000000070ae00000, 0x000000070ae00000| Untracked 
| 119|0x000000070af00000, 0x000000070af00000, 0x000000070b000000|  0%| F|  |TAMS 0x000000070af00000, 0x000000070af00000| Untracked 
| 120|0x000000070b000000, 0x000000070b000000, 0x000000070b100000|  0%| F|  |TAMS 0x000000070b000000, 0x000000070b000000| Untracked 
| 121|0x000000070b100000, 0x000000070b100000, 0x000000070b200000|  0%| F|  |TAMS 0x000000070b100000, 0x000000070b100000| Untracked 
| 122|0x000000070b200000, 0x000000070b200000, 0x000000070b300000|  0%| F|  |TAMS 0x000000070b200000, 0x000000070b200000| Untracked 
| 123|0x000000070b300000, 0x000000070b300000, 0x000000070b400000|  0%| F|  |TAMS 0x000000070b300000, 0x000000070b300000| Untracked 
| 124|0x000000070b400000, 0x000000070b400000, 0x000000070b500000|  0%| F|  |TAMS 0x000000070b400000, 0x000000070b400000| Untracked 
| 125|0x000000070b500000, 0x000000070b500000, 0x000000070b600000|  0%| F|  |TAMS 0x000000070b500000, 0x000000070b500000| Untracked 
| 126|0x000000070b600000, 0x000000070b600000, 0x000000070b700000|  0%| F|  |TAMS 0x000000070b600000, 0x000000070b600000| Untracked 
| 127|0x000000070b700000, 0x000000070b700000, 0x000000070b800000|  0%| F|  |TAMS 0x000000070b700000, 0x000000070b700000| Untracked 
| 128|0x000000070b800000, 0x000000070b800000, 0x000000070b900000|  0%| F|  |TAMS 0x000000070b800000, 0x000000070b800000| Untracked 
| 129|0x000000070b900000, 0x000000070b900000, 0x000000070ba00000|  0%| F|  |TAMS 0x000000070b900000, 0x000000070b900000| Untracked 
| 130|0x000000070ba00000, 0x000000070ba00000, 0x000000070bb00000|  0%| F|  |TAMS 0x000000070ba00000, 0x000000070ba00000| Untracked 
| 131|0x000000070bb00000, 0x000000070bb00000, 0x000000070bc00000|  0%| F|  |TAMS 0x000000070bb00000, 0x000000070bb00000| Untracked 
| 132|0x000000070bc00000, 0x000000070bc00000, 0x000000070bd00000|  0%| F|  |TAMS 0x000000070bc00000, 0x000000070bc00000| Untracked 
| 133|0x000000070bd00000, 0x000000070bd00000, 0x000000070be00000|  0%| F|  |TAMS 0x000000070bd00000, 0x000000070bd00000| Untracked 
| 134|0x000000070be00000, 0x000000070be00000, 0x000000070bf00000|  0%| F|  |TAMS 0x000000070be00000, 0x000000070be00000| Untracked 
| 135|0x000000070bf00000, 0x000000070bf00000, 0x000000070c000000|  0%| F|  |TAMS 0x000000070bf00000, 0x000000070bf00000| Untracked 
| 136|0x000000070c000000, 0x000000070c000000, 0x000000070c100000|  0%| F|  |TAMS 0x000000070c000000, 0x000000070c000000| Untracked 
| 137|0x000000070c100000, 0x000000070c100000, 0x000000070c200000|  0%| F|  |TAMS 0x000000070c100000, 0x000000070c100000| Untracked 
| 138|0x000000070c200000, 0x000000070c200000, 0x000000070c300000|  0%| F|  |TAMS 0x000000070c200000, 0x000000070c200000| Untracked 
| 139|0x000000070c300000, 0x000000070c300000, 0x000000070c400000|  0%| F|  |TAMS 0x000000070c300000, 0x000000070c300000| Untracked 
| 140|0x000000070c400000, 0x000000070c400000, 0x000000070c500000|  0%| F|  |TAMS 0x000000070c400000, 0x000000070c400000| Untracked 
| 141|0x000000070c500000, 0x000000070c500000, 0x000000070c600000|  0%| F|  |TAMS 0x000000070c500000, 0x000000070c500000| Untracked 
| 142|0x000000070c600000, 0x000000070c600000, 0x000000070c700000|  0%| F|  |TAMS 0x000000070c600000, 0x000000070c600000| Untracked 
| 143|0x000000070c700000, 0x000000070c700000, 0x000000070c800000|  0%| F|  |TAMS 0x000000070c700000, 0x000000070c700000| Untracked 
| 144|0x000000070c800000, 0x000000070c800000, 0x000000070c900000|  0%| F|  |TAMS 0x000000070c800000, 0x000000070c800000| Untracked 
| 145|0x000000070c900000, 0x000000070c900000, 0x000000070ca00000|  0%| F|  |TAMS 0x000000070c900000, 0x000000070c900000| Untracked 
| 146|0x000000070ca00000, 0x000000070ca00000, 0x000000070cb00000|  0%| F|  |TAMS 0x000000070ca00000, 0x000000070ca00000| Untracked 
| 147|0x000000070cb00000, 0x000000070cb00000, 0x000000070cc00000|  0%| F|  |TAMS 0x000000070cb00000, 0x000000070cb00000| Untracked 
| 148|0x000000070cc00000, 0x000000070cc00000, 0x000000070cd00000|  0%| F|  |TAMS 0x000000070cc00000, 0x000000070cc00000| Untracked 
| 149|0x000000070cd00000, 0x000000070cd00000, 0x000000070ce00000|  0%| F|  |TAMS 0x000000070cd00000, 0x000000070cd00000| Untracked 
| 150|0x000000070ce00000, 0x000000070ce00000, 0x000000070cf00000|  0%| F|  |TAMS 0x000000070ce00000, 0x000000070ce00000| Untracked 
| 151|0x000000070cf00000, 0x000000070cf00000, 0x000000070d000000|  0%| F|  |TAMS 0x000000070cf00000, 0x000000070cf00000| Untracked 
| 152|0x000000070d000000, 0x000000070d000000, 0x000000070d100000|  0%| F|  |TAMS 0x000000070d000000, 0x000000070d000000| Untracked 
| 153|0x000000070d100000, 0x000000070d100000, 0x000000070d200000|  0%| F|  |TAMS 0x000000070d100000, 0x000000070d100000| Untracked 
| 154|0x000000070d200000, 0x000000070d200000, 0x000000070d300000|  0%| F|  |TAMS 0x000000070d200000, 0x000000070d200000| Untracked 
| 155|0x000000070d300000, 0x000000070d300000, 0x000000070d400000|  0%| F|  |TAMS 0x000000070d300000, 0x000000070d300000| Untracked 
| 156|0x000000070d400000, 0x000000070d400000, 0x000000070d500000|  0%| F|  |TAMS 0x000000070d400000, 0x000000070d400000| Untracked 
| 157|0x000000070d500000, 0x000000070d500000, 0x000000070d600000|  0%| F|  |TAMS 0x000000070d500000, 0x000000070d500000| Untracked 
| 158|0x000000070d600000, 0x000000070d600000, 0x000000070d700000|  0%| F|  |TAMS 0x000000070d600000, 0x000000070d600000| Untracked 
| 159|0x000000070d700000, 0x000000070d700000, 0x000000070d800000|  0%| F|  |TAMS 0x000000070d700000, 0x000000070d700000| Untracked 
| 160|0x000000070d800000, 0x000000070d800000, 0x000000070d900000|  0%| F|  |TAMS 0x000000070d800000, 0x000000070d800000| Untracked 
| 161|0x000000070d900000, 0x000000070d900000, 0x000000070da00000|  0%| F|  |TAMS 0x000000070d900000, 0x000000070d900000| Untracked 
| 162|0x000000070da00000, 0x000000070da00000, 0x000000070db00000|  0%| F|  |TAMS 0x000000070da00000, 0x000000070da00000| Untracked 
| 163|0x000000070db00000, 0x000000070db00000, 0x000000070dc00000|  0%| F|  |TAMS 0x000000070db00000, 0x000000070db00000| Untracked 
| 164|0x000000070dc00000, 0x000000070dc00000, 0x000000070dd00000|  0%| F|  |TAMS 0x000000070dc00000, 0x000000070dc00000| Untracked 
| 165|0x000000070dd00000, 0x000000070dd00000, 0x000000070de00000|  0%| F|  |TAMS 0x000000070dd00000, 0x000000070dd00000| Untracked 
| 166|0x000000070de00000, 0x000000070de00000, 0x000000070df00000|  0%| F|  |TAMS 0x000000070de00000, 0x000000070de00000| Untracked 
| 167|0x000000070df00000, 0x000000070df00000, 0x000000070e000000|  0%| F|  |TAMS 0x000000070df00000, 0x000000070df00000| Untracked 
| 168|0x000000070e000000, 0x000000070e000000, 0x000000070e100000|  0%| F|  |TAMS 0x000000070e000000, 0x000000070e000000| Untracked 
| 169|0x000000070e100000, 0x000000070e100000, 0x000000070e200000|  0%| F|  |TAMS 0x000000070e100000, 0x000000070e100000| Untracked 
| 170|0x000000070e200000, 0x000000070e200000, 0x000000070e300000|  0%| F|  |TAMS 0x000000070e200000, 0x000000070e200000| Untracked 
| 171|0x000000070e300000, 0x000000070e300000, 0x000000070e400000|  0%| F|  |TAMS 0x000000070e300000, 0x000000070e300000| Untracked 
| 172|0x000000070e400000, 0x000000070e400000, 0x000000070e500000|  0%| F|  |TAMS 0x000000070e400000, 0x000000070e400000| Untracked 
| 173|0x000000070e500000, 0x000000070e500000, 0x000000070e600000|  0%| F|  |TAMS 0x000000070e500000, 0x000000070e500000| Untracked 
| 174|0x000000070e600000, 0x000000070e600000, 0x000000070e700000|  0%| F|  |TAMS 0x000000070e600000, 0x000000070e600000| Untracked 
| 175|0x000000070e700000, 0x000000070e700000, 0x000000070e800000|  0%| F|  |TAMS 0x000000070e700000, 0x000000070e700000| Untracked 
| 176|0x000000070e800000, 0x000000070e800000, 0x000000070e900000|  0%| F|  |TAMS 0x000000070e800000, 0x000000070e800000| Untracked 
| 177|0x000000070e900000, 0x000000070e900000, 0x000000070ea00000|  0%| F|  |TAMS 0x000000070e900000, 0x000000070e900000| Untracked 
| 178|0x000000070ea00000, 0x000000070ea00000, 0x000000070eb00000|  0%| F|  |TAMS 0x000000070ea00000, 0x000000070ea00000| Untracked 
| 179|0x000000070eb00000, 0x000000070eb00000, 0x000000070ec00000|  0%| F|  |TAMS 0x000000070eb00000, 0x000000070eb00000| Untracked 
| 180|0x000000070ec00000, 0x000000070ec00000, 0x000000070ed00000|  0%| F|  |TAMS 0x000000070ec00000, 0x000000070ec00000| Untracked 
| 181|0x000000070ed00000, 0x000000070ed00000, 0x000000070ee00000|  0%| F|  |TAMS 0x000000070ed00000, 0x000000070ed00000| Untracked 
| 182|0x000000070ee00000, 0x000000070ee00000, 0x000000070ef00000|  0%| F|  |TAMS 0x000000070ee00000, 0x000000070ee00000| Untracked 
| 183|0x000000070ef00000, 0x000000070ef00000, 0x000000070f000000|  0%| F|  |TAMS 0x000000070ef00000, 0x000000070ef00000| Untracked 
| 184|0x000000070f000000, 0x000000070f000000, 0x000000070f100000|  0%| F|  |TAMS 0x000000070f000000, 0x000000070f000000| Untracked 
| 185|0x000000070f100000, 0x000000070f100000, 0x000000070f200000|  0%| F|  |TAMS 0x000000070f100000, 0x000000070f100000| Untracked 
| 186|0x000000070f200000, 0x000000070f200000, 0x000000070f300000|  0%| F|  |TAMS 0x000000070f200000, 0x000000070f200000| Untracked 
| 187|0x000000070f300000, 0x000000070f300000, 0x000000070f400000|  0%| F|  |TAMS 0x000000070f300000, 0x000000070f300000| Untracked 
| 188|0x000000070f400000, 0x000000070f400000, 0x000000070f500000|  0%| F|  |TAMS 0x000000070f400000, 0x000000070f400000| Untracked 
| 189|0x000000070f500000, 0x000000070f500000, 0x000000070f600000|  0%| F|  |TAMS 0x000000070f500000, 0x000000070f500000| Untracked 
| 190|0x000000070f600000, 0x000000070f600000, 0x000000070f700000|  0%| F|  |TAMS 0x000000070f600000, 0x000000070f600000| Untracked 
| 191|0x000000070f700000, 0x000000070f700000, 0x000000070f800000|  0%| F|  |TAMS 0x000000070f700000, 0x000000070f700000| Untracked 
| 192|0x000000070f800000, 0x000000070f800000, 0x000000070f900000|  0%| F|  |TAMS 0x000000070f800000, 0x000000070f800000| Untracked 
| 193|0x000000070f900000, 0x000000070f900000, 0x000000070fa00000|  0%| F|  |TAMS 0x000000070f900000, 0x000000070f900000| Untracked 
| 194|0x000000070fa00000, 0x000000070fa00000, 0x000000070fb00000|  0%| F|  |TAMS 0x000000070fa00000, 0x000000070fa00000| Untracked 
| 195|0x000000070fb00000, 0x000000070fb00000, 0x000000070fc00000|  0%| F|  |TAMS 0x000000070fb00000, 0x000000070fb00000| Untracked 
| 196|0x000000070fc00000, 0x000000070fc00000, 0x000000070fd00000|  0%| F|  |TAMS 0x000000070fc00000, 0x000000070fc00000| Untracked 
| 197|0x000000070fd00000, 0x000000070fd00000, 0x000000070fe00000|  0%| F|  |TAMS 0x000000070fd00000, 0x000000070fd00000| Untracked 
| 198|0x000000070fe00000, 0x000000070fe00000, 0x000000070ff00000|  0%| F|  |TAMS 0x000000070fe00000, 0x000000070fe00000| Untracked 
| 199|0x000000070ff00000, 0x000000070ff00000, 0x0000000710000000|  0%| F|  |TAMS 0x000000070ff00000, 0x000000070ff00000| Untracked 
| 200|0x0000000710000000, 0x0000000710000000, 0x0000000710100000|  0%| F|  |TAMS 0x0000000710000000, 0x0000000710000000| Untracked 
| 201|0x0000000710100000, 0x0000000710100000, 0x0000000710200000|  0%| F|  |TAMS 0x0000000710100000, 0x0000000710100000| Untracked 
| 202|0x0000000710200000, 0x0000000710200000, 0x0000000710300000|  0%| F|  |TAMS 0x0000000710200000, 0x0000000710200000| Untracked 
| 203|0x0000000710300000, 0x0000000710300000, 0x0000000710400000|  0%| F|  |TAMS 0x0000000710300000, 0x0000000710300000| Untracked 
| 204|0x0000000710400000, 0x0000000710400000, 0x0000000710500000|  0%| F|  |TAMS 0x0000000710400000, 0x0000000710400000| Untracked 
| 205|0x0000000710500000, 0x0000000710500000, 0x0000000710600000|  0%| F|  |TAMS 0x0000000710500000, 0x0000000710500000| Untracked 
| 206|0x0000000710600000, 0x0000000710600000, 0x0000000710700000|  0%| F|  |TAMS 0x0000000710600000, 0x0000000710600000| Untracked 
| 207|0x0000000710700000, 0x0000000710700000, 0x0000000710800000|  0%| F|  |TAMS 0x0000000710700000, 0x0000000710700000| Untracked 
| 208|0x0000000710800000, 0x0000000710800000, 0x0000000710900000|  0%| F|  |TAMS 0x0000000710800000, 0x0000000710800000| Untracked 
| 209|0x0000000710900000, 0x0000000710900000, 0x0000000710a00000|  0%| F|  |TAMS 0x0000000710900000, 0x0000000710900000| Untracked 
| 210|0x0000000710a00000, 0x0000000710a00000, 0x0000000710b00000|  0%| F|  |TAMS 0x0000000710a00000, 0x0000000710a00000| Untracked 
| 211|0x0000000710b00000, 0x0000000710b00000, 0x0000000710c00000|  0%| F|  |TAMS 0x0000000710b00000, 0x0000000710b00000| Untracked 
| 212|0x0000000710c00000, 0x0000000710c00000, 0x0000000710d00000|  0%| F|  |TAMS 0x0000000710c00000, 0x0000000710c00000| Untracked 
| 213|0x0000000710d00000, 0x0000000710d00000, 0x0000000710e00000|  0%| F|  |TAMS 0x0000000710d00000, 0x0000000710d00000| Untracked 
| 214|0x0000000710e00000, 0x0000000710e00000, 0x0000000710f00000|  0%| F|  |TAMS 0x0000000710e00000, 0x0000000710e00000| Untracked 
| 215|0x0000000710f00000, 0x0000000710f00000, 0x0000000711000000|  0%| F|  |TAMS 0x0000000710f00000, 0x0000000710f00000| Untracked 
| 216|0x0000000711000000, 0x0000000711000000, 0x0000000711100000|  0%| F|  |TAMS 0x0000000711000000, 0x0000000711000000| Untracked 
| 217|0x0000000711100000, 0x0000000711100000, 0x0000000711200000|  0%| F|  |TAMS 0x0000000711100000, 0x0000000711100000| Untracked 
| 218|0x0000000711200000, 0x0000000711200000, 0x0000000711300000|  0%| F|  |TAMS 0x0000000711200000, 0x0000000711200000| Untracked 
| 219|0x0000000711300000, 0x0000000711300000, 0x0000000711400000|  0%| F|  |TAMS 0x0000000711300000, 0x0000000711300000| Untracked 
| 220|0x0000000711400000, 0x0000000711400000, 0x0000000711500000|  0%| F|  |TAMS 0x0000000711400000, 0x0000000711400000| Untracked 
| 221|0x0000000711500000, 0x0000000711500000, 0x0000000711600000|  0%| F|  |TAMS 0x0000000711500000, 0x0000000711500000| Untracked 
| 222|0x0000000711600000, 0x0000000711600000, 0x0000000711700000|  0%| F|  |TAMS 0x0000000711600000, 0x0000000711600000| Untracked 
| 223|0x0000000711700000, 0x0000000711700000, 0x0000000711800000|  0%| F|  |TAMS 0x0000000711700000, 0x0000000711700000| Untracked 
| 224|0x0000000711800000, 0x0000000711800000, 0x0000000711900000|  0%| F|  |TAMS 0x0000000711800000, 0x0000000711800000| Untracked 
| 225|0x0000000711900000, 0x0000000711900000, 0x0000000711a00000|  0%| F|  |TAMS 0x0000000711900000, 0x0000000711900000| Untracked 
| 226|0x0000000711a00000, 0x0000000711a00000, 0x0000000711b00000|  0%| F|  |TAMS 0x0000000711a00000, 0x0000000711a00000| Untracked 
| 227|0x0000000711b00000, 0x0000000711b00000, 0x0000000711c00000|  0%| F|  |TAMS 0x0000000711b00000, 0x0000000711b00000| Untracked 
| 228|0x0000000711c00000, 0x0000000711c00000, 0x0000000711d00000|  0%| F|  |TAMS 0x0000000711c00000, 0x0000000711c00000| Untracked 
| 229|0x0000000711d00000, 0x0000000711d00000, 0x0000000711e00000|  0%| F|  |TAMS 0x0000000711d00000, 0x0000000711d00000| Untracked 
| 230|0x0000000711e00000, 0x0000000711e00000, 0x0000000711f00000|  0%| F|  |TAMS 0x0000000711e00000, 0x0000000711e00000| Untracked 
| 231|0x0000000711f00000, 0x0000000711f00000, 0x0000000712000000|  0%| F|  |TAMS 0x0000000711f00000, 0x0000000711f00000| Untracked 
| 232|0x0000000712000000, 0x0000000712000000, 0x0000000712100000|  0%| F|  |TAMS 0x0000000712000000, 0x0000000712000000| Untracked 
| 233|0x0000000712100000, 0x0000000712100000, 0x0000000712200000|  0%| F|  |TAMS 0x0000000712100000, 0x0000000712100000| Untracked 
| 234|0x0000000712200000, 0x0000000712200000, 0x0000000712300000|  0%| F|  |TAMS 0x0000000712200000, 0x0000000712200000| Untracked 
| 235|0x0000000712300000, 0x0000000712300000, 0x0000000712400000|  0%| F|  |TAMS 0x0000000712300000, 0x0000000712300000| Untracked 
| 236|0x0000000712400000, 0x0000000712400000, 0x0000000712500000|  0%| F|  |TAMS 0x0000000712400000, 0x0000000712400000| Untracked 
| 237|0x0000000712500000, 0x0000000712500000, 0x0000000712600000|  0%| F|  |TAMS 0x0000000712500000, 0x0000000712500000| Untracked 
| 238|0x0000000712600000, 0x0000000712600000, 0x0000000712700000|  0%| F|  |TAMS 0x0000000712600000, 0x0000000712600000| Untracked 
| 239|0x0000000712700000, 0x00000007127f9cd0, 0x0000000712800000| 97%| E|  |TAMS 0x0000000712700000, 0x0000000712700000| Complete 
| 240|0x0000000712800000, 0x0000000712900000, 0x0000000712900000|100%| E|CS|TAMS 0x0000000712800000, 0x0000000712800000| Complete 
| 241|0x0000000712900000, 0x0000000712a00000, 0x0000000712a00000|100%| E|CS|TAMS 0x0000000712900000, 0x0000000712900000| Complete 
| 242|0x0000000712a00000, 0x0000000712b00000, 0x0000000712b00000|100%| E|CS|TAMS 0x0000000712a00000, 0x0000000712a00000| Complete 
| 243|0x0000000712b00000, 0x0000000712c00000, 0x0000000712c00000|100%| E|CS|TAMS 0x0000000712b00000, 0x0000000712b00000| Complete 
| 244|0x0000000712c00000, 0x0000000712d00000, 0x0000000712d00000|100%| E|CS|TAMS 0x0000000712c00000, 0x0000000712c00000| Complete 
| 245|0x0000000712d00000, 0x0000000712e00000, 0x0000000712e00000|100%| E|CS|TAMS 0x0000000712d00000, 0x0000000712d00000| Complete 
| 246|0x0000000712e00000, 0x0000000712f00000, 0x0000000712f00000|100%| E|CS|TAMS 0x0000000712e00000, 0x0000000712e00000| Complete 
| 247|0x0000000712f00000, 0x0000000713000000, 0x0000000713000000|100%| E|CS|TAMS 0x0000000712f00000, 0x0000000712f00000| Complete 
| 248|0x0000000713000000, 0x0000000713100000, 0x0000000713100000|100%| E|CS|TAMS 0x0000000713000000, 0x0000000713000000| Complete 
| 249|0x0000000713100000, 0x0000000713200000, 0x0000000713200000|100%| E|CS|TAMS 0x0000000713100000, 0x0000000713100000| Complete 
| 250|0x0000000713200000, 0x0000000713300000, 0x0000000713300000|100%| E|CS|TAMS 0x0000000713200000, 0x0000000713200000| Complete 
| 251|0x0000000713300000, 0x0000000713400000, 0x0000000713400000|100%| E|CS|TAMS 0x0000000713300000, 0x0000000713300000| Complete 
| 252|0x0000000713400000, 0x0000000713500000, 0x0000000713500000|100%| E|CS|TAMS 0x0000000713400000, 0x0000000713400000| Complete 
| 253|0x0000000713500000, 0x0000000713600000, 0x0000000713600000|100%| E|CS|TAMS 0x0000000713500000, 0x0000000713500000| Complete 

Card table byte_map: [0x0000024f2fd30000,0x0000024f30520000] _byte_map_base: 0x0000024f2c514000

Marking Bits (Prev, Next): (CMBitMap*) 0x0000024f182cb8d8, (CMBitMap*) 0x0000024f182cb910
 Prev Bits: [0x0000024f30d10000, 0x0000024f34c30000)
 Next Bits: [0x0000024f34c30000, 0x0000024f38b50000)

Polling page: 0x0000024f16a00000

Metaspace:

Usage:
  Non-class:     13.94 MB capacity,    13.67 MB ( 98%) used,   231.27 KB (  2%) free+waste,    43.69 KB ( <1%) overhead. 
      Class:      1.78 MB capacity,     1.61 MB ( 90%) used,   151.42 KB (  8%) free+waste,    23.88 KB (  1%) overhead. 
       Both:     15.72 MB capacity,    15.28 MB ( 97%) used,   382.69 KB (  2%) free+waste,    67.56 KB ( <1%) overhead. 

Virtual space:
  Non-class space:       14.00 MB reserved,      14.00 MB (100%) committed 
      Class space:        1.00 GB reserved,       1.88 MB ( <1%) committed 
             Both:        1.01 GB reserved,      15.88 MB (  2%) committed 

Chunk freelists:
   Non-Class:  7.75 KB
       Class:  3.88 KB
        Both:  11.63 KB

CodeHeap 'non-profiled nmethods': size=120000Kb used=384Kb max_used=384Kb free=119615Kb
 bounds [0x0000024f27370000, 0x0000024f275e0000, 0x0000024f2e8a0000]
CodeHeap 'profiled nmethods': size=120000Kb used=1848Kb max_used=1848Kb free=118151Kb
 bounds [0x0000024f1fe40000, 0x0000024f200b0000, 0x0000024f27370000]
CodeHeap 'non-nmethods': size=5760Kb used=1218Kb max_used=1229Kb free=4541Kb
 bounds [0x0000024f1f8a0000, 0x0000024f1fb10000, 0x0000024f1fe40000]
 total_blobs=1717 nmethods=1130 adapters=499
 compilation: enabled
              stopped_count=0, restarted_count=0
 full_count=0

Compilation events (10 events):
Event: 0.816 Thread 0x0000024f3c1f8800 1126       3       jdk.internal.logger.SurrogateLogger::defaultPlatformLevel (4 bytes)
Event: 0.816 Thread 0x0000024f3c1f8800 nmethod 1126 0x0000024f2000d810 code [0x0000024f2000d9a0, 0x0000024f2000dab8]
Event: 0.817 Thread 0x0000024f3c1f8800 1127       1       java.util.concurrent.locks.AbstractQueuedSynchronizer::getState (5 bytes)
Event: 0.817 Thread 0x0000024f3c1f8800 nmethod 1127 0x0000024f273cf810 code [0x0000024f273cf9a0, 0x0000024f273cfa58]
Event: 0.819 Thread 0x0000024f3c1f8800 1128       1       java.util.concurrent.locks.AbstractOwnableSynchronizer::setExclusiveOwnerThread (6 bytes)
Event: 0.819 Thread 0x0000024f3c1f8800 nmethod 1128 0x0000024f273cfb10 code [0x0000024f273cfca0, 0x0000024f273cfdb8]
Event: 0.819 Thread 0x0000024f3c1f8800 1129       1       java.awt.AWTEvent::getID (5 bytes)
Event: 0.819 Thread 0x0000024f3c1f8800 nmethod 1129 0x0000024f273cfe10 code [0x0000024f273cffa0, 0x0000024f273d0058]
Event: 0.825 Thread 0x0000024f3c1f8800 1130       3       java.lang.ThreadLocal::get (38 bytes)
Event: 0.825 Thread 0x0000024f3c1f8800 nmethod 1130 0x0000024f2000db90 code [0x0000024f2000dd60, 0x0000024f2000e048]

GC Heap History (0 events):
No events

Deoptimization events (10 events):
Event: 0.445 Thread 0x0000024f18269800 Uncommon trap: reason=unstable_if action=reinterpret pc=0x0000024f273b89ec method=java.io.BufferedReader.read()I @ 19 c2
Event: 0.445 Thread 0x0000024f18269800 Uncommon trap: reason=unstable_if action=reinterpret pc=0x0000024f273b9108 method=java.io.BufferedReader.read()I @ 19 c2
Event: 0.485 Thread 0x0000024f18269800 Uncommon trap: reason=bimorphic_or_optimized_type_check action=maybe_recompile pc=0x0000024f273ae09c method=java.util.concurrent.ConcurrentHashMap.get(Ljava/lang/Object;)Ljava/lang/Object; @ 149 c2
Event: 0.488 Thread 0x0000024f18269800 Uncommon trap: reason=bimorphic_or_optimized_type_check action=maybe_recompile pc=0x0000024f273ae09c method=java.util.concurrent.ConcurrentHashMap.get(Ljava/lang/Object;)Ljava/lang/Object; @ 149 c2
Event: 0.496 Thread 0x0000024f18269800 Uncommon trap: reason=unstable_if action=reinterpret pc=0x0000024f273bbd28 method=java.lang.StringLatin1.canEncode(I)Z @ 4 c2
Event: 0.496 Thread 0x0000024f18269800 Uncommon trap: reason=unstable_if action=reinterpret pc=0x0000024f273bea90 method=java.lang.AbstractStringBuilder.isLatin1()Z @ 10 c2
Event: 0.499 Thread 0x0000024f18269800 Uncommon trap: reason=unstable_if action=reinterpret pc=0x0000024f2739f334 method=java.lang.StringLatin1.canEncode(I)Z @ 4 c2
Event: 0.513 Thread 0x0000024f18269800 Uncommon trap: reason=class_check action=maybe_recompile pc=0x0000024f273c32f4 method=java.util.HashMap.getNode(ILjava/lang/Object;)Ljava/util/HashMap$Node; @ 126 c2
Event: 0.514 Thread 0x0000024f18269800 Uncommon trap: reason=class_check action=maybe_recompile pc=0x0000024f273c32f4 method=java.util.HashMap.getNode(ILjava/lang/Object;)Ljava/util/HashMap$Node; @ 126 c2
Event: 0.514 Thread 0x0000024f18269800 Uncommon trap: reason=class_check action=maybe_recompile pc=0x0000024f273c32f4 method=java.util.HashMap.getNode(ILjava/lang/Object;)Ljava/util/HashMap$Node; @ 126 c2

Classes redefined (0 events):
No events

Internal exceptions (10 events):
Event: 0.400 Thread 0x0000024f18269800 Exception <a 'java/lang/NoSuchMethodError'{0x0000000712c27148}: java.lang.invoke.DirectMethodHandle$Holder.invokeStatic(Ljava/lang/Object;Ljava/lang/Object;Ljava/lang/Object;Ljava/lang/Object;Ljava/lang/Object;Ljava/lang/Object;Ljava/lang/Object;Ljava/lan
Event: 0.401 Thread 0x0000024f18269800 Exception <a 'java/lang/NoSuchMethodError'{0x0000000712c45348}: java.lang.invoke.DirectMethodHandle$Holder.invokeStatic(Ljava/lang/Object;Ljava/lang/Object;Ljava/lang/Object;Ljava/lang/Object;Ljava/lang/Object;Ljava/lang/Object;Ljava/lang/Object;Ljava/lan
Event: 0.402 Thread 0x0000024f18269800 Exception <a 'java/lang/NoSuchMethodError'{0x0000000712c642d8}: java.lang.invoke.DirectMethodHandle$Holder.invokeStatic(Ljava/lang/Object;Ljava/lang/Object;Ljava/lang/Object;Ljava/lang/Object;Ljava/lang/Object;Ljava/lang/Object;Ljava/lang/Object;Ljava/lan
Event: 0.403 Thread 0x0000024f18269800 Exception <a 'java/lang/NoSuchMethodError'{0x0000000712c70288}: java.lang.invoke.Invokers$Holder.linkToTargetMethod(Ljava/lang/Object;ILjava/lang/Object;)Ljava/lang/Object;> (0x0000000712c70288) thrown at [./open/src/hotspot/share/interpreter/linkResolver
Event: 0.444 Thread 0x0000024f18269800 Exception <a 'java/lang/ClassNotFoundException'{0x0000000712a22ec0}: javax/smartcardio/CardPermission> (0x0000000712a22ec0) thrown at [./open/src/hotspot/share/classfile/systemDictionary.cpp, line 227]
Event: 0.446 Thread 0x0000024f18269800 Exception <a 'java/io/FileNotFoundException'{0x0000000712a31438}> (0x0000000712a31438) thrown at [./open/src/hotspot/share/prims/jni.cpp, line 611]
Event: 0.524 Thread 0x0000024f18269800 Exception <a 'java/lang/NoSuchMethodError'{0x0000000712720460}: java.lang.invoke.DirectMethodHandle$Holder.invokeStatic(Ljava/lang/Object;IIII)Ljava/lang/Object;> (0x0000000712720460) thrown at [./open/src/hotspot/share/interpreter/linkResolver.cpp, line 
Event: 0.524 Thread 0x0000024f18269800 Exception <a 'java/lang/NoSuchMethodError'{0x0000000712723578}: java.lang.invoke.DirectMethodHandle$Holder.invokeStaticInit(Ljava/lang/Object;IIII)Ljava/lang/Object;> (0x0000000712723578) thrown at [./open/src/hotspot/share/interpreter/linkResolver.cpp, l
Event: 0.658 Thread 0x0000024f18269800 Exception <a 'java/lang/NoSuchMethodError'{0x0000000712762050}: java.lang.invoke.DirectMethodHandle$Holder.invokeStatic(Ljava/lang/Object;Ljava/lang/Object;IIII)Ljava/lang/Object;> (0x0000000712762050) thrown at [./open/src/hotspot/share/interpreter/linkR
Event: 0.658 Thread 0x0000024f18269800 Exception <a 'java/lang/NoSuchMethodError'{0x0000000712765398}: java.lang.invoke.DirectMethodHandle$Holder.invokeStaticInit(Ljava/lang/Object;Ljava/lang/Object;IIII)Ljava/lang/Object;> (0x0000000712765398) thrown at [./open/src/hotspot/share/interpreter/l

Events (10 events):
Event: 0.825 loading class java/text/CharacterIterator
Event: 0.825 loading class java/text/CharacterIterator done
Event: 0.825 loading class java/text/AttributedCharacterIterator done
Event: 0.825 loading class java/text/AttributedString$AttributedStringIterator done
Event: 0.826 loading class java/awt/TextComponent
Event: 0.826 loading class java/awt/TextComponent done
Event: 0.826 loading class javax/swing/text/JTextComponent
Event: 0.827 loading class javax/swing/Scrollable
Event: 0.827 loading class javax/swing/Scrollable done
Event: 0.827 loading class javax/swing/text/JTextComponent done


Dynamic libraries:
0x00007ff75e300000 - 0x00007ff75e30f000 	C:\Program Files\Java\jdk-11.0.13\bin\java.exe
0x00007fffda820000 - 0x00007fffdaa29000 	C:\WINDOWS\SYSTEM32\ntdll.dll
0x00007fffd8f60000 - 0x00007fffd901d000 	C:\WINDOWS\System32\KERNEL32.DLL
0x00007fffd8330000 - 0x00007fffd86a9000 	C:\WINDOWS\System32\KERNELBASE.dll
0x00007fffd7d00000 - 0x00007fffd7e11000 	C:\WINDOWS\System32\ucrtbase.dll
0x00007fffd0790000 - 0x00007fffd07a5000 	C:\Program Files\Java\jdk-11.0.13\bin\VCRUNTIME140.dll
0x00007fffcf7b0000 - 0x00007fffcf7c8000 	C:\Program Files\Java\jdk-11.0.13\bin\jli.dll
0x00007fffd9020000 - 0x00007fffd90ce000 	C:\WINDOWS\System32\ADVAPI32.dll
0x00007fffd90d0000 - 0x00007fffd9173000 	C:\WINDOWS\System32\msvcrt.dll
0x00007fffd8730000 - 0x00007fffd87ce000 	C:\WINDOWS\System32\sechost.dll
0x00007fffd9940000 - 0x00007fffd9a60000 	C:\WINDOWS\System32\RPCRT4.dll
0x00007fffda340000 - 0x00007fffda4ec000 	C:\WINDOWS\System32\USER32.dll
0x00007fffd7ee0000 - 0x00007fffd7f06000 	C:\WINDOWS\System32\win32u.dll
0x00007fffb2530000 - 0x00007fffb27d5000 	C:\WINDOWS\WinSxS\amd64_microsoft.windows.common-controls_6595b64144ccf1df_6.0.22000.120_none_9d947278b86cc467\COMCTL32.dll
0x00007fffd8930000 - 0x00007fffd8959000 	C:\WINDOWS\System32\GDI32.dll
0x00007fffd7f10000 - 0x00007fffd8022000 	C:\WINDOWS\System32\gdi32full.dll
0x00007fffd8290000 - 0x00007fffd832d000 	C:\WINDOWS\System32\msvcp_win.dll
0x00007fffced00000 - 0x00007fffced0a000 	C:\WINDOWS\SYSTEM32\VERSION.dll
0x00007fffda300000 - 0x00007fffda331000 	C:\WINDOWS\System32\IMM32.DLL
0x00007fff89d40000 - 0x00007fff89ddb000 	C:\Program Files\Java\jdk-11.0.13\bin\msvcp140.dll
0x00007fff939f0000 - 0x00007fff94503000 	C:\Program Files\Java\jdk-11.0.13\bin\server\jvm.dll
0x00007fffd9930000 - 0x00007fffd9938000 	C:\WINDOWS\System32\PSAPI.DLL
0x00007fffd07b0000 - 0x00007fffd07b9000 	C:\WINDOWS\SYSTEM32\WSOCK32.dll
0x00007fffcecc0000 - 0x00007fffcecf3000 	C:\WINDOWS\SYSTEM32\WINMM.dll
0x00007fffd9a60000 - 0x00007fffd9acf000 	C:\WINDOWS\System32\WS2_32.dll
0x00007fffd6ef0000 - 0x00007fffd6f08000 	C:\WINDOWS\SYSTEM32\kernel.appcore.dll
0x00007fffd0710000 - 0x00007fffd0720000 	C:\Program Files\Java\jdk-11.0.13\bin\verify.dll
0x00007fffd5800000 - 0x00007fffd5a21000 	C:\WINDOWS\SYSTEM32\DBGHELP.DLL
0x00007fffba840000 - 0x00007fffba871000 	C:\WINDOWS\SYSTEM32\dbgcore.DLL
0x00007fffd8210000 - 0x00007fffd828f000 	C:\WINDOWS\System32\bcryptPrimitives.dll
0x00007fffd0720000 - 0x00007fffd0748000 	C:\Program Files\Java\jdk-11.0.13\bin\java.dll
0x00007fffd0700000 - 0x00007fffd070a000 	C:\Program Files\Java\jdk-11.0.13\bin\jimage.dll
0x00007fffd06e0000 - 0x00007fffd06f6000 	C:\Program Files\Java\jdk-11.0.13\bin\zip.dll
0x00007fffd9b40000 - 0x00007fffda2f8000 	C:\WINDOWS\System32\SHELL32.dll
0x00007fffd5e30000 - 0x00007fffd6698000 	C:\WINDOWS\SYSTEM32\windows.storage.dll
0x00007fffd8960000 - 0x00007fffd8cd9000 	C:\WINDOWS\System32\combase.dll
0x00007fffd5cc0000 - 0x00007fffd5e26000 	C:\WINDOWS\SYSTEM32\wintypes.dll
0x00007fffd9180000 - 0x00007fffd926a000 	C:\WINDOWS\System32\SHCORE.dll
0x00007fffda4f0000 - 0x00007fffda54d000 	C:\WINDOWS\System32\shlwapi.dll
0x00007fffd7c30000 - 0x00007fffd7c51000 	C:\WINDOWS\SYSTEM32\profapi.dll
0x00007fffa70d0000 - 0x00007fffa70e9000 	C:\Program Files\Java\jdk-11.0.13\bin\net.dll
0x00007fffce4d0000 - 0x00007fffce5dc000 	C:\WINDOWS\SYSTEM32\WINHTTP.dll
0x00007fffd7320000 - 0x00007fffd7387000 	C:\WINDOWS\system32\mswsock.dll
0x00007fffa70b0000 - 0x00007fffa70c2000 	C:\Program Files\Java\jdk-11.0.13\bin\nio.dll
0x00007fff91410000 - 0x00007fff915aa000 	C:\Program Files\Java\jdk-11.0.13\bin\awt.dll
0x00007fffd8d60000 - 0x00007fffd8e36000 	C:\WINDOWS\System32\OLEAUT32.dll
0x00007fffd1ea0000 - 0x00007fffd1f31000 	C:\WINDOWS\SYSTEM32\apphelp.dll
0x00007fffd53e0000 - 0x00007fffd540f000 	C:\WINDOWS\system32\DWMAPI.DLL
0x00007fffd1f60000 - 0x00007fffd200c000 	C:\WINDOWS\system32\uxtheme.dll
0x00007fff9da20000 - 0x00007fff9db21000 	C:\WINDOWS\system32\opengl32.dll
0x00007fff9cef0000 - 0x00007fff9cf1d000 	C:\WINDOWS\SYSTEM32\GLU32.dll
0x00007fffd2040000 - 0x00007fffd2078000 	C:\WINDOWS\SYSTEM32\dxcore.dll
0x00007fffd8e40000 - 0x00007fffd8f5e000 	C:\WINDOWS\System32\MSCTF.dll
0x00007fffda570000 - 0x00007fffda70a000 	C:\WINDOWS\System32\ole32.dll
0x00007fffbf970000 - 0x00007fffbfb16000 	C:\WINDOWS\system32\d3d9.dll
0x00007fff64f10000 - 0x00007fff65071000 	C:\WINDOWS\System32\DriverStore\FileRepository\iigd_dch.inf_amd64_0c2fb894eee0c51f\igdumdim64.dll
0x00007fff5da40000 - 0x00007fff61362000 	C:\WINDOWS\System32\DriverStore\FileRepository\iigd_dch.inf_amd64_0c2fb894eee0c51f\igd9dxva64.dll
0x00007fffd9430000 - 0x00007fffd989c000 	C:\WINDOWS\System32\SETUPAPI.dll
0x00007fffd7a20000 - 0x00007fffd7a6c000 	C:\WINDOWS\SYSTEM32\cfgmgr32.dll
0x00007fffc7a70000 - 0x00007fffc7c17000 	C:\WINDOWS\System32\DriverStore\FileRepository\iigd_dch.inf_amd64_0c2fb894eee0c51f\igdgmm64.dll
0x00007fffd05f0000 - 0x00007fffd0634000 	C:\WINDOWS\SYSTEM32\directxdatabasehelper.dll
0x00007fffd6b90000 - 0x00007fffd6bc4000 	C:\WINDOWS\SYSTEM32\ntmarta.dll
0x00007fffb06e0000 - 0x00007fffb07e7000 	C:\WINDOWS\System32\DriverStore\FileRepository\nvhm.inf_amd64_bf14d314a88aec48\nvldumdx.dll
0x00007fffd75c0000 - 0x00007fffd75d2000 	C:\WINDOWS\SYSTEM32\msasn1.dll
0x00007fffc7c20000 - 0x00007fffc7c51000 	C:\WINDOWS\SYSTEM32\cryptnet.dll
0x00007fffd8030000 - 0x00007fffd8192000 	C:\WINDOWS\System32\CRYPT32.dll
0x00007fffc05e0000 - 0x00007fffc0729000 	C:\WINDOWS\SYSTEM32\drvstore.dll
0x00007fffd79d0000 - 0x00007fffd79fc000 	C:\WINDOWS\SYSTEM32\devobj.dll
0x00007fffd7630000 - 0x00007fffd7670000 	C:\WINDOWS\SYSTEM32\wldp.dll
0x00007fffd7580000 - 0x00007fffd758c000 	C:\WINDOWS\SYSTEM32\cryptbase.dll
0x00007fffd81a0000 - 0x00007fffd8207000 	C:\WINDOWS\System32\WINTRUST.DLL
0x00007fffda7c0000 - 0x00007fffda7df000 	C:\WINDOWS\System32\imagehlp.dll
0x00007fffd7560000 - 0x00007fffd7578000 	C:\WINDOWS\SYSTEM32\CRYPTSP.dll
0x00007fffd6e50000 - 0x00007fffd6e85000 	C:\WINDOWS\system32\rsaenh.dll
0x00007fffd76e0000 - 0x00007fffd7707000 	C:\WINDOWS\SYSTEM32\bcrypt.dll
0x00007fff32980000 - 0x00007fff34108000 	C:\WINDOWS\System32\DriverStore\FileRepository\nvhm.inf_amd64_bf14d314a88aec48\nvd3dumx.dll
0x00007fff83f90000 - 0x00007fff84247000 	C:\WINDOWS\system32\nvspcap64.dll
0x00007fffd73b0000 - 0x00007fffd73d4000 	C:\WINDOWS\SYSTEM32\gpapi.dll
0x00007fff843a0000 - 0x00007fff84426000 	C:\Program Files\Java\jdk-11.0.13\bin\freetype.dll
0x00007fff842f0000 - 0x00007fff84395000 	C:\Program Files\Java\jdk-11.0.13\bin\fontmanager.dll
0x00007fffd7410000 - 0x00007fffd7439000 	C:\WINDOWS\SYSTEM32\USERENV.dll
0x00007fffd6970000 - 0x00007fffd699d000 	C:\WINDOWS\SYSTEM32\IPHLPAPI.DLL
0x00007fffd8d40000 - 0x00007fffd8d49000 	C:\WINDOWS\System32\NSI.dll
0x00007fffce3c0000 - 0x00007fffce3d9000 	C:\WINDOWS\SYSTEM32\dhcpcsvc6.DLL
0x00007fffcefe0000 - 0x00007fffceffe000 	C:\WINDOWS\SYSTEM32\dhcpcsvc.DLL
0x00007fffd6a00000 - 0x00007fffd6ae8000 	C:\WINDOWS\SYSTEM32\DNSAPI.dll
0x000000006e740000 - 0x000000006fda5000 	C:\Users\murat\AppData\Local\Temp\xuggle\xuggle15873688092808218966.dll
0x00007fffbaf30000 - 0x00007fffbaf49000 	C:\WINDOWS\SYSTEM32\AVICAP32.dll
0x00007fffb6fe0000 - 0x00007fffb700b000 	C:\WINDOWS\SYSTEM32\MSVFW32.dll
0x00007fffa8710000 - 0x00007fffa883d000 	C:\WINDOWS\SYSTEM32\textinputframework.dll
0x00007fffb1a80000 - 0x00007fffb1ae9000 	C:\WINDOWS\system32\Oleacc.dll
0x00007fffd1d20000 - 0x00007fffd1e52000 	C:\WINDOWS\SYSTEM32\CoreMessaging.dll
0x00007fffcf7d0000 - 0x00007fffcfb3d000 	C:\WINDOWS\SYSTEM32\CoreUIComponents.dll

dbghelp: loaded successfully - version: 4.0.5 - missing functions: none
symbol engine: initialized successfully - sym options: 0x614 - pdb path: .;C:\Program Files\Java\jdk-11.0.13\bin;C:\WINDOWS\SYSTEM32;C:\WINDOWS\WinSxS\amd64_microsoft.windows.common-controls_6595b64144ccf1df_6.0.22000.120_none_9d947278b86cc467;C:\Program Files\Java\jdk-11.0.13\bin\server;C:\WINDOWS\System32\DriverStore\FileRepository\iigd_dch.inf_amd64_0c2fb894eee0c51f;C:\WINDOWS\System32\DriverStore\FileRepository\nvhm.inf_amd64_bf14d314a88aec48;C:\Users\murat\AppData\Local\Temp\xuggle

VM Arguments:
jvm_args: -Dfile.encoding=UTF-8 --module-path=C:\Users\murat\OneDrive\Documenti\GitHub\AbissiCurallo\AbissiCurallo\build\classes 
java_command: abissicurallo.FinestraIniziale
java_class_path (initial): C:\Program Files\NetBeans-12.5\netbeans\java\modules\ext\AbsoluteLayout.jar;C:\Users\murat\OneDrive\Desktop\commons-cli-1.5.0.jar;C:\Users\murat\OneDrive\Desktop\commons-lang3-3.12.0.jar;C:\Users\murat\OneDrive\Desktop\logback-classic-1.0.0.jar;C:\Users\murat\OneDrive\Desktop\logback-core-1.0.0.jar;C:\Users\murat\OneDrive\Desktop\slf4j-api-1.6.4.jar;C:\Users\murat\OneDrive\Desktop\xuggle-xuggler-5.4.jar;C:\Users\murat\OneDrive\Documenti\GitHub\AbissiCurallo\AbissiCurallo\build\classes
Launcher Type: SUN_STANDARD

[Global flags]
     intx CICompilerCount                          = 4                                         {product} {ergonomic}
     uint ConcGCThreads                            = 3                                         {product} {ergonomic}
     uint G1ConcRefinementThreads                  = 10                                        {product} {ergonomic}
   size_t G1HeapRegionSize                         = 1048576                                   {product} {ergonomic}
    uintx GCDrainStackTargetSize                   = 64                                        {product} {ergonomic}
   size_t InitialHeapSize                          = 266338304                                 {product} {ergonomic}
   size_t MarkStackSize                            = 4194304                                   {product} {ergonomic}
   size_t MaxHeapSize                              = 4236247040                                {product} {ergonomic}
   size_t MaxNewSize                               = 2541748224                                {product} {ergonomic}
   size_t MinHeapDeltaBytes                        = 1048576                                   {product} {ergonomic}
    uintx NonNMethodCodeHeapSize                   = 5836300                                {pd product} {ergonomic}
    uintx NonProfiledCodeHeapSize                  = 122910970                              {pd product} {ergonomic}
    uintx ProfiledCodeHeapSize                     = 122910970                              {pd product} {ergonomic}
    uintx ReservedCodeCacheSize                    = 251658240                              {pd product} {ergonomic}
     bool SegmentedCodeCache                       = true                                      {product} {ergonomic}
     bool UseCompressedClassPointers               = true                                 {lp64_product} {ergonomic}
     bool UseCompressedOops                        = true                                 {lp64_product} {ergonomic}
     bool UseG1GC                                  = true                                      {product} {ergonomic}
     bool UseLargePagesIndividualAllocation        = false                                  {pd product} {ergonomic}

Logging:
Log output configuration:
 #0: stdout all=warning uptime,level,tags
 #1: stderr all=off uptime,level,tags

Environment Variables:
PATH=C:\Program Files (x86)\Common Files\Intel\Shared Libraries\redist\intel64\compiler;C:\Program Files\Common Files\Oracle\Java\javapath;C:\Program Files (x86)\Common Files\Oracle\Java\javapath;C:\windows\system32;C:\windows;C:\windows\System32\Wbem;C:\windows\System32\WindowsPowerShell\v1.0\;C:\windows\System32\OpenSSH\;C:\Program Files (x86)\NVIDIA Corporation\PhysX\Common;C:\Program Files\NVIDIA Corporation\NVIDIA NvDLISR;C:\Program Files\Common Files\Autodesk Shared\;C:\Program Files\Microsoft SQL Server\120\Tools\Binn\;C:\Program Files\dotnet\;C:\WINDOWS\system32;C:\WINDOWS;C:\WINDOWS\System32\Wbem;C:\WINDOWS\System32\WindowsPowerShell\v1.0\;C:\WINDOWS\System32\OpenSSH\;C:\Users\murat\AppData\Local\Microsoft\WindowsApps;C:\Users\murat\.dotnet\tools;C:\Users\murat\AppData\Local\GitHubDesktop\bin
USERNAME=murat
OS=Windows_NT
PROCESSOR_IDENTIFIER=Intel64 Family 6 Model 165 Stepping 2, GenuineIntel



---------------  S Y S T E M  ---------------

OS: Windows 10 , 64 bit Build 22000 (10.0.22000.708)

CPU:total 12 (initial active 12) (6 cores per cpu, 2 threads per core) family 6 model 165 stepping 2 microcode 0xec, cmov, cx8, fxsr, mmx, sse, sse2, sse3, ssse3, sse4.1, sse4.2, popcnt, avx, avx2, aes, clmul, erms, 3dnowpref, lzcnt, ht, tsc, tscinvbit, bmi1, bmi2, adx, fma

Memory: 4k page, system-wide physical 16155M (7030M free)
TotalPageFile size 26907M (AvailPageFile size 12059M)
current process WorkingSet (physical memory assigned to process): 105M, peak: 105M
current process commit charge ("private bytes"): 395M, peak: 395M

vm_info: Java HotSpot(TM) 64-Bit Server VM (11.0.13+10-LTS-370) for windows-amd64 JRE (11.0.13+10-LTS-370), built on Sep 15 2021 22:10:36 by "mach5one" with MS VC++ 15.9 (VS2017)

END.
